Arguments: 
  /Users/paulgung/.nvm/versions/node/v16.18.0/bin/node /Users/paulgung/.node/corepack/yarn/1.22.15/bin/yarn.js install

PATH: 
  /Users/paulgung/.nvm/versions/node/v16.18.0/bin:/opt/homebrew/opt/ruby/bin:/Library/Frameworks/Python.framework/Versions/3.10/bin:/opt/homebrew/bin:/opt/homebrew/sbin:/usr/local/bin:/usr/bin:/bin:/usr/sbin:/sbin:/usr/local/share/dotnet:~/.dotnet/tools:/Library/Apple/usr/bin:/Applications/Wireshark.app/Contents/MacOS:/Users/paulgung/WebstormProjects/jdi/node_modules/.bin

Yarn version: 
  1.22.15

Node version: 
  16.18.0

Platform: 
  darwin x64

Trace: 
  Error: read ECONNRESET
      at TCP.onStreamRead (node:internal/stream_base_commons:217:20)

npm manifest: 
  {
    "name": "slidev-theme-jdi",
    "version": "0.0.0",
    "keywords": [
      "slidev-theme",
      "slidev"
    ],
    "engines": {
      "node": ">=14.0.0",
      "slidev": ">=0.19.3"
    },
    "scripts": {
      "build": "slidev build example.md",
      "dev": "slidev example.md --open",
      "export": "slidev export example.md",
      "screenshot": "slidev export example.md --format png"
    },
    "dependencies": {
      "@slidev/types": "^0.37.1",
      "codemirror-theme-vars": "^0.1.1",
      "prism-theme-vars": "^0.2.4",
      "theme-vitesse": "^0.6.0"
    },
    "devDependencies": {
      "@slidev/cli": "^0.37.1"
    },
    "//": "Learn more: https://sli.dev/themes/write-a-theme.html",
    "slidev": {
      "colorSchema": "both",
      "highlighter": "all",
      "title": "JDi-Slidev",
      "defaults": {
        "fonts": {
          "sans": "Nunito Sans",
          "mono": "Fira Code"
        },
        "hightlighter": "prism"
      }
    }
  }

yarn manifest: 
  No manifest

Lockfile: 
  # THIS IS AN AUTOGENERATED FILE. DO NOT EDIT THIS FILE DIRECTLY.
  # yarn lockfile v1
  
  
  "@antfu/install-pkg@^0.1.0":
    version "0.1.1"
    resolved "http://registry.m.jd.com/@antfu/install-pkg/download/@antfu/install-pkg-0.1.1.tgz#157bb04f0de8100b9e4c01734db1a6c77e98bbb5"
    integrity sha1-FXuwTw3oEAueTAFzTbGmx36Yu7U=
    dependencies:
      execa "^5.1.1"
      find-up "^5.0.0"
  
  "@antfu/utils@^0.5.0", "@antfu/utils@^0.5.1", "@antfu/utils@^0.5.2":
    version "0.5.2"
    resolved "http://registry.m.jd.com/@antfu/utils/download/@antfu/utils-0.5.2.tgz#8c2d931ff927be0ebe740169874a3d4004ab414b"
    integrity sha1-jC2TH/knvg6+dAFph0o9QASrQUs=
  
  "@babel/parser@^7.16.4":
    version "7.20.5"
    resolved "http://registry.m.jd.com/@babel/parser/download/@babel/parser-7.20.5.tgz#7f3c7335fe417665d929f34ae5dceae4c04015e8"
    integrity sha1-fzxzNf5BdmXZKfNK5dzq5MBAFeg=
  
  "@braintree/sanitize-url@^6.0.0":
    version "6.0.2"
    resolved "http://registry.m.jd.com/@braintree/sanitize-url/download/@braintree/sanitize-url-6.0.2.tgz#6110f918d273fe2af8ea1c4398a88774bb9fc12f"
    integrity sha1-YRD5GNJz/ir46hxDmKiHdLufwS8=
  
  "@drauu/core@0.3.0":
    version "0.3.0"
    resolved "http://registry.m.jd.com/@drauu/core/download/@drauu/core-0.3.0.tgz#f341e7d563e5174c7241e91eb52187d18ae7891d"
    integrity sha1-80Hn1WPlF0xyQeketSGH0YrniR0=
    dependencies:
      perfect-freehand "^1.0.16"
  
  "@esbuild/linux-loong64@0.14.54":
    version "0.14.54"
    resolved "http://registry.m.jd.com/@esbuild/linux-loong64/download/@esbuild/linux-loong64-0.14.54.tgz#de2a4be678bd4d0d1ffbb86e6de779cde5999028"
    integrity sha1-3ipL5ni9TQ0f+7hubed5zeWZkCg=
  
  "@iconify-json/carbon@^1.1.5":
    version "1.1.11"
    resolved "http://registry.m.jd.com/@iconify-json/carbon/download/@iconify-json/carbon-1.1.11.tgz#912c7b367ab4a12da214047c79f178f36acebf66"
    integrity sha1-kSx7Nnq0oS2iFAR8efF482rOv2Y=
    dependencies:
      "@iconify/types" "*"
  
  "@iconify-json/ph@^1.1.1":
    version "1.1.1"
    resolved "http://registry.m.jd.com/@iconify-json/ph/download/@iconify-json/ph-1.1.1.tgz#17b3dee91a47055bac93d65c32b9ee33c654d56f"
    integrity sha1-F7Pe6RpHBVusk9ZcMrnuM8ZU1W8=
    dependencies:
      "@iconify/types" "^1.0.12"
  
  "@iconify/types@*":
    version "2.0.0"
    resolved "http://registry.m.jd.com/@iconify/types/download/@iconify/types-2.0.0.tgz#ab0e9ea681d6c8a1214f30cd741fe3a20cc57f57"
    integrity sha1-qw6epoHWyKEhTzDNdB/jogzFf1c=
  
  "@iconify/types@^1.0.12", "@iconify/types@^1.1.0":
    version "1.1.0"
    resolved "http://registry.m.jd.com/@iconify/types/download/@iconify/types-1.1.0.tgz#dc15fc988b1b3fd558dd140a24ede7e0aac11280"
    integrity sha1-3BX8mIsbP9VY3RQKJO3n4KrBEoA=
  
  "@iconify/utils@^1.0.33":
    version "1.0.33"
    resolved "http://registry.m.jd.com/@iconify/utils/download/@iconify/utils-1.0.33.tgz#9952ecae79e3b1685b83c58159c1d48959f6105a"
    integrity sha1-mVLsrnnjsWhbg8WBWcHUiVn2EFo=
    dependencies:
      "@antfu/install-pkg" "^0.1.0"
      "@antfu/utils" "^0.5.0"
      "@iconify/types" "^1.1.0"
      debug "^4.3.4"
      kolorist "^1.5.1"
      local-pkg "^0.4.1"
  
  "@nodelib/fs.scandir@2.1.5":
    version "2.1.5"
    resolved "http://registry.m.jd.com/@nodelib/fs.scandir/download/@nodelib/fs.scandir-2.1.5.tgz#7619c2eb21b25483f6d167548b4cfd5a7488c3d5"
    integrity sha1-dhnC6yGyVIP20WdUi0z9WnSIw9U=
    dependencies:
      "@nodelib/fs.stat" "2.0.5"
      run-parallel "^1.1.9"
  
  "@nodelib/fs.stat@2.0.5", "@nodelib/fs.stat@^2.0.2":
    version "2.0.5"
    resolved "http://registry.m.jd.com/@nodelib/fs.stat/download/@nodelib/fs.stat-2.0.5.tgz#5bd262af94e9d25bd1e71b05deed44876a222e8b"
    integrity sha1-W9Jir5Tp0lvR5xsF3u1Eh2oiLos=
  
  "@nodelib/fs.walk@^1.2.3":
    version "1.2.8"
    resolved "http://registry.m.jd.com/@nodelib/fs.walk/download/@nodelib/fs.walk-1.2.8.tgz#e95737e8bb6746ddedf69c556953494f196fe69a"
    integrity sha1-6Vc36LtnRt3t9pxVaVNJTxlv5po=
    dependencies:
      "@nodelib/fs.scandir" "2.1.5"
      fastq "^1.6.0"
  
  "@rollup/pluginutils@^4.2.1":
    version "4.2.1"
    resolved "http://registry.m.jd.com/@rollup/pluginutils/download/@rollup/pluginutils-4.2.1.tgz#e6c6c3aba0744edce3fb2074922d3776c0af2a6d"
    integrity sha1-5sbDq6B0Ttzj+yB0ki03dsCvKm0=
    dependencies:
      estree-walker "^2.0.1"
      picomatch "^2.2.2"
  
  "@slidev/cli@^0.37.1":
    version "0.33.1"
    resolved "http://registry.m.jd.com/@slidev/cli/download/@slidev/cli-0.33.1.tgz#2a000a554fc7691777d75a9225c0fbe3f85ca04f"
    integrity sha1-KgAKVU/HaRd311qSJcD74/hcoE8=
    dependencies:
      "@antfu/utils" "^0.5.2"
      "@iconify-json/carbon" "^1.1.5"
      "@iconify-json/ph" "^1.1.1"
      "@slidev/client" "0.33.1"
      "@slidev/parser" "0.33.1"
      "@slidev/types" "0.33.1"
      "@vitejs/plugin-vue" "^2.3.3"
      "@vue/compiler-sfc" "^3.2.37"
      cli-progress "^3.11.1"
      codemirror "^5.65.5"
      connect "^3.7.0"
      debug "^4.3.4"
      fast-glob "^3.2.11"
      fs-extra "^10.1.0"
      global-dirs "^3.0.0"
      import-from "^4.0.0"
      is-installed-globally "^0.4.0"
      jiti "^1.13.0"
      js-base64 "^3.7.2"
      katex "^0.16.0"
      kolorist "^1.5.1"
      markdown-it "^13.0.1"
      markdown-it-footnote "^3.0.3"
      markdown-it-link-attributes "^4.0.0"
      monaco-editor "^0.33.0"
      nanoid "^4.0.0"
      open "^8.4.0"
      plantuml-encoder "^1.4.0"
      prismjs "^1.28.0"
      prompts "^2.4.2"
      resolve "^1.22.1"
      resolve-from "^5.0.0"
      resolve-global "^1.0.0"
      shiki "^0.10.1"
      unplugin-icons "^0.14.5"
      unplugin-vue-components "^0.19.6"
      vite "^2.9.12"
      vite-plugin-remote-assets "^0.2.2"
      vite-plugin-vue-markdown "^0.1.0"
      vite-plugin-vue-server-ref "^0.2.4"
      vite-plugin-windicss "^1.8.4"
      vue "^3.2.37"
      windicss "^3.5.4"
      yargs "^17.5.1"
  
  "@slidev/client@0.33.1":
    version "0.33.1"
    resolved "http://registry.m.jd.com/@slidev/client/download/@slidev/client-0.33.1.tgz#31e41373e115782ecbab27f5b31d504602208771"
    integrity sha1-MeQTc+EVeC7Lqyf1sx1QRgIgh3E=
    dependencies:
      "@antfu/utils" "^0.5.2"
      "@slidev/parser" "0.33.1"
      "@slidev/types" "0.33.1"
      "@vueuse/core" "^8.7.4"
      "@vueuse/head" "^0.7.6"
      "@vueuse/motion" "^2.0.0-beta.18"
      codemirror "^5.65.5"
      defu "^6.0.0"
      drauu "^0.3.0"
      file-saver "^2.0.5"
      js-base64 "^3.7.2"
      js-yaml "^4.1.0"
      katex "^0.16.0"
      mermaid "^9.1.2"
      monaco-editor "^0.33.0"
      nanoid "^4.0.0"
      prettier "^2.7.1"
      recordrtc "^5.6.2"
      resolve "^1.22.1"
      vite-plugin-windicss "^1.8.4"
      vue "^3.2.36"
      vue-router "^4.0.16"
      vue-starport "^0.3.0"
      windicss "^3.5.4"
  
  "@slidev/parser@0.33.1":
    version "0.33.1"
    resolved "http://registry.m.jd.com/@slidev/parser/download/@slidev/parser-0.33.1.tgz#2abcc9ecbd36b6b6b04f9f8cff263c1031a674d7"
    integrity sha1-KrzJ7L02trawT5+M/yY8EDGmdNc=
    dependencies:
      "@slidev/types" "0.33.1"
      js-yaml "^4.1.0"
  
  "@slidev/types@0.33.1", "@slidev/types@^0.37.1":
    version "0.33.1"
    resolved "http://registry.m.jd.com/@slidev/types/download/@slidev/types-0.33.1.tgz#10e46e191b18dc2fb32efdef9633b09964771481"
    integrity sha1-EORuGRsY3C+zLv3vljOwmWR3FIE=
  
  "@types/linkify-it@*":
    version "3.0.2"
    resolved "http://registry.m.jd.com/@types/linkify-it/download/@types/linkify-it-3.0.2.tgz#fd2cd2edbaa7eaac7e7f3c1748b52a19143846c9"
    integrity sha1-/SzS7bqn6qx+fzwXSLUqGRQ4Rsk=
  
  "@types/markdown-it@^12.2.3":
    version "12.2.3"
    resolved "http://registry.m.jd.com/@types/markdown-it/download/@types/markdown-it-12.2.3.tgz#0d6f6e5e413f8daaa26522904597be3d6cd93b51"
    integrity sha1-DW9uXkE/jaqiZSKQRZe+PWzZO1E=
    dependencies:
      "@types/linkify-it" "*"
      "@types/mdurl" "*"
  
  "@types/mdurl@*":
    version "1.0.2"
    resolved "http://registry.m.jd.com/@types/mdurl/download/@types/mdurl-1.0.2.tgz#e2ce9d83a613bacf284c7be7d491945e39e1f8e9"
    integrity sha1-4s6dg6YTus8oTHvn1JGUXjnh+Ok=
  
  "@types/web-bluetooth@^0.0.14":
    version "0.0.14"
    resolved "http://registry.m.jd.com/@types/web-bluetooth/download/@types/web-bluetooth-0.0.14.tgz#94e175b53623384bff1f354cdb3197a8d63cdbe5"
    integrity sha1-lOF1tTYjOEv/HzVM2zGXqNY82+U=
  
  "@vitejs/plugin-vue@^2.3.3":
    version "2.3.4"
    resolved "http://registry.m.jd.com/@vitejs/plugin-vue/download/@vitejs/plugin-vue-2.3.4.tgz#966a6279060eb2d9d1a02ea1a331af071afdcf9e"
    integrity sha1-lmpieQYOstnRoC6hozGvBxr9z54=
  
  "@vue/compiler-core@3.2.45":
    version "3.2.45"
    resolved "http://registry.m.jd.com/@vue/compiler-core/download/@vue/compiler-core-3.2.45.tgz#d9311207d96f6ebd5f4660be129fb99f01ddb41b"
    integrity sha1-2TESB9lvbr1fRmC+Ep+5nwHdtBs=
    dependencies:
      "@babel/parser" "^7.16.4"
      "@vue/shared" "3.2.45"
      estree-walker "^2.0.2"
      source-map "^0.6.1"
  
  "@vue/compiler-dom@3.2.45":
    version "3.2.45"
    resolved "http://registry.m.jd.com/@vue/compiler-dom/download/@vue/compiler-dom-3.2.45.tgz#c43cc15e50da62ecc16a42f2622d25dc5fd97dce"
    integrity sha1-xDzBXlDaYuzBakLyYi0l3F/Zfc4=
    dependencies:
      "@vue/compiler-core" "3.2.45"
      "@vue/shared" "3.2.45"
  
  "@vue/compiler-sfc@3.2.45", "@vue/compiler-sfc@^3.2.37":
    version "3.2.45"
    resolved "http://registry.m.jd.com/@vue/compiler-sfc/download/@vue/compiler-sfc-3.2.45.tgz#7f7989cc04ec9e7c55acd406827a2c4e96872c70"
    integrity sha1-f3mJzATsnnxVrNQGgnosTpaHLHA=
    dependencies:
      "@babel/parser" "^7.16.4"
      "@vue/compiler-core" "3.2.45"
      "@vue/compiler-dom" "3.2.45"
      "@vue/compiler-ssr" "3.2.45"
      "@vue/reactivity-transform" "3.2.45"
      "@vue/shared" "3.2.45"
      estree-walker "^2.0.2"
      magic-string "^0.25.7"
      postcss "^8.1.10"
      source-map "^0.6.1"
  
  "@vue/compiler-ssr@3.2.45":
    version "3.2.45"
    resolved "http://registry.m.jd.com/@vue/compiler-ssr/download/@vue/compiler-ssr-3.2.45.tgz#bd20604b6e64ea15344d5b6278c4141191c983b2"
    integrity sha1-vSBgS25k6hU0TVtieMQUEZHJg7I=
    dependencies:
      "@vue/compiler-dom" "3.2.45"
      "@vue/shared" "3.2.45"
  
  "@vue/devtools-api@^6.4.5":
    version "6.4.5"
    resolved "http://registry.m.jd.com/@vue/devtools-api/download/@vue/devtools-api-6.4.5.tgz#d54e844c1adbb1e677c81c665ecef1a2b4bb8380"
    integrity sha1-1U6ETBrbseZ3yBxmXs7xorS7g4A=
  
  "@vue/reactivity-transform@3.2.45":
    version "3.2.45"
    resolved "http://registry.m.jd.com/@vue/reactivity-transform/download/@vue/reactivity-transform-3.2.45.tgz#07ac83b8138550c83dfb50db43cde1e0e5e8124d"
    integrity sha1-B6yDuBOFUMg9+1DbQ83h4OXoEk0=
    dependencies:
      "@babel/parser" "^7.16.4"
      "@vue/compiler-core" "3.2.45"
      "@vue/shared" "3.2.45"
      estree-walker "^2.0.2"
      magic-string "^0.25.7"
  
  "@vue/reactivity@3.2.45":
    version "3.2.45"
    resolved "http://registry.m.jd.com/@vue/reactivity/download/@vue/reactivity-3.2.45.tgz#412a45b574de601be5a4a5d9a8cbd4dee4662ff0"
    integrity sha1-QSpFtXTeYBvlpKXZqMvU3uRmL/A=
    dependencies:
      "@vue/shared" "3.2.45"
  
  "@vue/runtime-core@3.2.45":
    version "3.2.45"
    resolved "http://registry.m.jd.com/@vue/runtime-core/download/@vue/runtime-core-3.2.45.tgz#7ad7ef9b2519d41062a30c6fa001ec43ac549c7f"
    integrity sha1-etfvmyUZ1BBiowxvoAHsQ6xUnH8=
    dependencies:
      "@vue/reactivity" "3.2.45"
      "@vue/shared" "3.2.45"
  
  "@vue/runtime-dom@3.2.45":
    version "3.2.45"
    resolved "http://registry.m.jd.com/@vue/runtime-dom/download/@vue/runtime-dom-3.2.45.tgz#1a2ef6ee2ad876206fbbe2a884554bba2d0faf59"
    integrity sha1-Gi727irYdiBvu+KohFVLui0Pr1k=
    dependencies:
      "@vue/runtime-core" "3.2.45"
      "@vue/shared" "3.2.45"
      csstype "^2.6.8"
  
  "@vue/server-renderer@3.2.45":
    version "3.2.45"
    resolved "http://registry.m.jd.com/@vue/server-renderer/download/@vue/server-renderer-3.2.45.tgz#ca9306a0c12b0530a1a250e44f4a0abac6b81f3f"
    integrity sha1-ypMGoMErBTCholDkT0oKusa4Hz8=
    dependencies:
      "@vue/compiler-ssr" "3.2.45"
      "@vue/shared" "3.2.45"
  
  "@vue/shared@3.2.45":
    version "3.2.45"
    resolved "http://registry.m.jd.com/@vue/shared/download/@vue/shared-3.2.45.tgz#a3fffa7489eafff38d984e23d0236e230c818bc2"
    integrity sha1-o//6dInq//ONmE4j0CNuIwyBi8I=
  
  "@vueuse/core@^8.1.2", "@vueuse/core@^8.6.0", "@vueuse/core@^8.7.4":
    version "8.9.4"
    resolved "http://registry.m.jd.com/@vueuse/core/download/@vueuse/core-8.9.4.tgz#c7db40f19390b3c9f4ff9294a30461497f62ec19"
    integrity sha1-x9tA8ZOQs8n0/5KUowRhSX9i7Bk=
    dependencies:
      "@types/web-bluetooth" "^0.0.14"
      "@vueuse/metadata" "8.9.4"
      "@vueuse/shared" "8.9.4"
      vue-demi "*"
  
  "@vueuse/head@^0.7.6":
    version "0.7.13"
    resolved "http://registry.m.jd.com/@vueuse/head/download/@vueuse/head-0.7.13.tgz#a6defbe215a7f42bd65daea5b2f102588f883270"
    integrity sha1-pt774hWn9CvWXa6lsvECWI+IMnA=
    dependencies:
      "@zhead/schema-vue" "^0.7.3"
  
  "@vueuse/metadata@8.9.4":
    version "8.9.4"
    resolved "http://registry.m.jd.com/@vueuse/metadata/download/@vueuse/metadata-8.9.4.tgz#a4132db33e4c1b1023636acfa20aa7b37ab3d978"
    integrity sha1-pBMtsz5MGxAjY2rPogqns3qz2Xg=
  
  "@vueuse/motion@^2.0.0-beta.18":
    version "2.0.0-beta.18"
    resolved "http://registry.m.jd.com/@vueuse/motion/download/@vueuse/motion-2.0.0-beta.18.tgz#e98e9a4c34da2ca456a10639dca3b36409e97b5f"
    integrity sha1-6Y6aTDTaLKRWoQY53KOzZAnpe18=
    dependencies:
      "@vueuse/core" "^8.1.2"
      "@vueuse/shared" "^8.1.2"
      csstype "^3.0.11"
      framesync "^6.1.0"
      popmotion "^11.0.3"
      style-value-types "^5.1.0"
      vue-demi "*"
  
  "@vueuse/shared@8.9.4", "@vueuse/shared@^8.1.2":
    version "8.9.4"
    resolved "http://registry.m.jd.com/@vueuse/shared/download/@vueuse/shared-8.9.4.tgz#c9741c30ffb666b50d62f0dd80b76119fd47573e"
    integrity sha1-yXQcMP+2ZrUNYvDdgLdhGf1HVz4=
    dependencies:
      vue-demi "*"
  
  "@vueuse/shared@^9.2.0":
    version "9.6.0"
    resolved "http://registry.m.jd.com/@vueuse/shared/download/@vueuse/shared-9.6.0.tgz#ce2e0e8124c6bdb1e270fc213e334ccc71dcb951"
    integrity sha1-zi4OgSTGvbHicPwhPjNMzHHcuVE=
    dependencies:
      vue-demi "*"
  
  "@windicss/config@1.8.4":
    version "1.8.4"
    resolved "http://registry.m.jd.com/@windicss/config/download/@windicss/config-1.8.4.tgz#090c7f48cb86b6cba1bd97742a2f012852026d3c"
    integrity sha1-CQx/SMuGtsuhvZd0Ki8BKFICbTw=
    dependencies:
      debug "^4.3.4"
      jiti "^1.13.0"
      windicss "^3.5.1"
  
  "@windicss/plugin-utils@1.8.4":
    version "1.8.4"
    resolved "http://registry.m.jd.com/@windicss/plugin-utils/download/@windicss/plugin-utils-1.8.4.tgz#fba74b6eb29276e24b9d09931bc22808fd7230d7"
    integrity sha1-+6dLbrKSduJLnQmTG8IoCP1yMNc=
    dependencies:
      "@antfu/utils" "^0.5.1"
      "@windicss/config" "1.8.4"
      debug "^4.3.4"
      fast-glob "^3.2.11"
      magic-string "^0.26.1"
      micromatch "^4.0.5"
      windicss "^3.5.1"
  
  "@zhead/schema-vue@^0.7.3":
    version "0.7.4"
    resolved "http://registry.m.jd.com/@zhead/schema-vue/download/@zhead/schema-vue-0.7.4.tgz#dab303e372e4cd491eb292081c109f677d39039a"
    integrity sha1-2rMD43LkzUkespIIHBCfZ305A5o=
    dependencies:
      "@vueuse/shared" "^9.2.0"
      "@zhead/schema" "0.7.4"
  
  "@zhead/schema@0.7.4":
    version "0.7.4"
    resolved "http://registry.m.jd.com/@zhead/schema/download/@zhead/schema-0.7.4.tgz#73e87110468dbe416b70df86e4cc95fdec4978ee"
    integrity sha1-c+hxEEaNvkFrcN+G5MyV/exJeO4=
  
  acorn@^8.7.1:
    version "8.8.1"
    resolved "http://registry.m.jd.com/acorn/download/acorn-8.8.1.tgz#0a3f9cbecc4ec3bea6f0a80b66ae8dd2da250b73"
    integrity sha1-Cj+cvsxOw76m8KgLZq6N0tolC3M=
  
  ansi-regex@^5.0.1:
    version "5.0.1"
    resolved "http://registry.m.jd.com/ansi-regex/download/ansi-regex-5.0.1.tgz#082cb2c89c9fe8659a311a53bd6a4dc5301db304"
    integrity sha1-CCyyyJyf6GWaMRpTvWpNxTAdswQ=
  
  ansi-styles@^4.0.0:
    version "4.3.0"
    resolved "http://registry.m.jd.com/ansi-styles/download/ansi-styles-4.3.0.tgz#edd803628ae71c04c85ae7a0906edad34b648937"
    integrity sha1-7dgDYornHATIWuegkG7a00tkiTc=
    dependencies:
      color-convert "^2.0.1"
  
  anymatch@~3.1.2:
    version "3.1.3"
    resolved "http://registry.m.jd.com/anymatch/download/anymatch-3.1.3.tgz#790c58b19ba1720a84205b57c618d5ad8524973e"
    integrity sha1-eQxYsZuhcgqEIFtXxhjVrYUklz4=
    dependencies:
      normalize-path "^3.0.0"
      picomatch "^2.0.4"
  
  argparse@^1.0.7:
    version "1.0.10"
    resolved "http://registry.m.jd.com/argparse/download/argparse-1.0.10.tgz#bcd6791ea5ae09725e17e5ad988134cd40b3d911"
    integrity sha1-vNZ5HqWuCXJeF+WtmIE0zUCz2RE=
    dependencies:
      sprintf-js "~1.0.2"
  
  argparse@^2.0.1:
    version "2.0.1"
    resolved "http://registry.m.jd.com/argparse/download/argparse-2.0.1.tgz#246f50f3ca78a3240f6c997e8a9bd1eac49e4b38"
    integrity sha1-JG9Q88p4oyQPbJl+ipvR6sSeSzg=
  
  at-least-node@^1.0.0:
    version "1.0.0"
    resolved "http://registry.m.jd.com/at-least-node/download/at-least-node-1.0.0.tgz#602cd4b46e844ad4effc92a8011a3c46e0238dc2"
    integrity sha1-YCzUtG6EStTv/JKoARo8RuAjjcI=
  
  axios@^0.21.1:
    version "0.21.4"
    resolved "http://registry.m.jd.com/axios/download/axios-0.21.4.tgz#c67b90dc0568e5c1cf2b0b858c43ba28e2eda575"
    integrity sha1-xnuQ3AVo5cHPKwuFjEO6KOLtpXU=
    dependencies:
      follow-redirects "^1.14.0"
  
  balanced-match@^1.0.0:
    version "1.0.2"
    resolved "http://registry.m.jd.com/balanced-match/download/balanced-match-1.0.2.tgz#e83e3a7e3f300b34cb9d87f615fa0cbf357690ee"
    integrity sha1-6D46fj8wCzTLnYf2FfoMvzV2kO4=
  
  binary-extensions@^2.0.0:
    version "2.2.0"
    resolved "http://registry.m.jd.com/binary-extensions/download/binary-extensions-2.2.0.tgz#75f502eeaf9ffde42fc98829645be4ea76bd9e2d"
    integrity sha1-dfUC7q+f/eQvyYgpZFvk6na9ni0=
  
  brace-expansion@^2.0.1:
    version "2.0.1"
    resolved "http://registry.m.jd.com/brace-expansion/download/brace-expansion-2.0.1.tgz#1edc459e0f0c548486ecf9fc99f2221364b9a0ae"
    integrity sha1-HtxFng8MVISG7Pn8mfIiE2S5oK4=
    dependencies:
      balanced-match "^1.0.0"
  
  braces@^3.0.2, braces@~3.0.2:
    version "3.0.2"
    resolved "http://registry.m.jd.com/braces/download/braces-3.0.2.tgz#3454e1a462ee8d599e236df336cd9ea4f8afe107"
    integrity sha1-NFThpGLujVmeI23zNs2epPiv4Qc=
    dependencies:
      fill-range "^7.0.1"
  
  chokidar@^3.5.3:
    version "3.5.3"
    resolved "http://registry.m.jd.com/chokidar/download/chokidar-3.5.3.tgz#1cf37c8707b932bd1af1ae22c0432e2acd1903bd"
    integrity sha1-HPN8hwe5Mr0a8a4iwEMuKs0ZA70=
    dependencies:
      anymatch "~3.1.2"
      braces "~3.0.2"
      glob-parent "~5.1.2"
      is-binary-path "~2.1.0"
      is-glob "~4.0.1"
      normalize-path "~3.0.0"
      readdirp "~3.6.0"
    optionalDependencies:
      fsevents "~2.3.2"
  
  cli-progress@^3.11.1:
    version "3.11.2"
    resolved "http://registry.m.jd.com/cli-progress/download/cli-progress-3.11.2.tgz#f8c89bd157e74f3f2c43bcfb3505670b4d48fc77"
    integrity sha1-+Mib0VfnTz8sQ7z7NQVnC01I/Hc=
    dependencies:
      string-width "^4.2.3"
  
  cliui@^8.0.1:
    version "8.0.1"
    resolved "http://registry.m.jd.com/cliui/download/cliui-8.0.1.tgz#0c04b075db02cbfe60dc8e6cf2f5486b1a3608aa"
    integrity sha1-DASwddsCy/5g3I5s8vVIaxo2CKo=
    dependencies:
      string-width "^4.2.0"
      strip-ansi "^6.0.1"
      wrap-ansi "^7.0.0"
  
  codemirror-theme-vars@^0.1.1:
    version "0.1.1"
    resolved "http://registry.m.jd.com/codemirror-theme-vars/download/codemirror-theme-vars-0.1.1.tgz#621d0e15028c896cc54b7dc8c3c4429719cca45a"
    integrity sha1-Yh0OFQKMiWzFS33Iw8RClxnMpFo=
  
  codemirror@^5.65.5:
    version "5.65.10"
    resolved "http://registry.m.jd.com/codemirror/download/codemirror-5.65.10.tgz#4276a93b8534ce91f14b733ba9a1ac949666eac9"
    integrity sha1-QnapO4U0zpHxS3M7qaGslJZm6sk=
  
  color-convert@^2.0.1:
    version "2.0.1"
    resolved "http://registry.m.jd.com/color-convert/download/color-convert-2.0.1.tgz#72d3a68d598c9bdb3af2ad1e84f21d896abd4de3"
    integrity sha1-ctOmjVmMm9s68q0ehPIdiWq9TeM=
    dependencies:
      color-name "~1.1.4"
  
  color-name@~1.1.4:
    version "1.1.4"
    resolved "http://registry.m.jd.com/color-name/download/color-name-1.1.4.tgz#c2a09a87acbde69543de6f63fa3995c826c536a2"
    integrity sha1-wqCah6y95pVD3m9j+jmVyCbFNqI=
  
  commander@2:
    version "2.20.3"
    resolved "http://registry.m.jd.com/commander/download/commander-2.20.3.tgz#fd485e84c03eb4881c20722ba48035e8531aeb33"
    integrity sha1-/UhehMA+tIgcIHIrpIA16FMa6zM=
  
  commander@7:
    version "7.2.0"
    resolved "http://registry.m.jd.com/commander/download/commander-7.2.0.tgz#a36cb57d0b501ce108e4d20559a150a391d97ab7"
    integrity sha1-o2y1fQtQHOEI5NIFWaFQo5HZerc=
  
  commander@^8.0.0:
    version "8.3.0"
    resolved "http://registry.m.jd.com/commander/download/commander-8.3.0.tgz#4837ea1b2da67b9c616a67afbb0fafee567bca66"
    integrity sha1-SDfqGy2me5xhamevuw+v7lZ7ymY=
  
  connect@^3.7.0:
    version "3.7.0"
    resolved "http://registry.m.jd.com/connect/download/connect-3.7.0.tgz#5d49348910caa5e07a01800b030d0c35f20484f8"
    integrity sha1-XUk0iRDKpeB6AYALAw0MNfIEhPg=
    dependencies:
      debug "2.6.9"
      finalhandler "1.1.2"
      parseurl "~1.3.3"
      utils-merge "1.0.1"
  
  cross-spawn@^7.0.3:
    version "7.0.3"
    resolved "http://registry.m.jd.com/cross-spawn/download/cross-spawn-7.0.3.tgz#f73a85b9d5d41d045551c177e2882d4ac85728a6"
    integrity sha1-9zqFudXUHQRVUcF34ogtSshXKKY=
    dependencies:
      path-key "^3.1.0"
      shebang-command "^2.0.0"
      which "^2.0.1"
  
  csstype@^2.6.8:
    version "2.6.21"
    resolved "http://registry.m.jd.com/csstype/download/csstype-2.6.21.tgz#2efb85b7cc55c80017c66a5ad7cbd931fda3a90e"
    integrity sha1-LvuFt8xVyAAXxmpa18vZMf2jqQ4=
  
  csstype@^3.0.11:
    version "3.1.1"
    resolved "http://registry.m.jd.com/csstype/download/csstype-3.1.1.tgz#841b532c45c758ee546a11d5bd7b7b473c8c30b9"
    integrity sha1-hBtTLEXHWO5UahHVvXt7RzyMMLk=
  
  d3-array@1, d3-array@^1.1.1, d3-array@^1.2.0:
    version "1.2.4"
    resolved "http://registry.m.jd.com/d3-array/download/d3-array-1.2.4.tgz#635ce4d5eea759f6f605863dbcfc30edc737f71f"
    integrity sha1-Y1zk1e6nWfb2BYY9vPww7cc39x8=
  
  "d3-array@2 - 3", "d3-array@2.10.0 - 3", "d3-array@2.5.0 - 3", d3-array@3, d3-array@^3.2.0:
    version "3.2.1"
    resolved "http://registry.m.jd.com/d3-array/download/d3-array-3.2.1.tgz#39331ea706f5709417d31bbb6ec152e0328b39b3"
    integrity sha1-OTMepwb1cJQX0xu7bsFS4DKLObM=
    dependencies:
      internmap "1 - 2"
  
  d3-axis@1:
    version "1.0.12"
    resolved "http://registry.m.jd.com/d3-axis/download/d3-axis-1.0.12.tgz#cdf20ba210cfbb43795af33756886fb3638daac9"
    integrity sha1-zfILohDPu0N5WvM3Vohvs2ONqsk=
  
  d3-axis@3:
    version "3.0.0"
    resolved "http://registry.m.jd.com/d3-axis/download/d3-axis-3.0.0.tgz#c42a4a13e8131d637b745fc2973824cfeaf93322"
    integrity sha1-xCpKE+gTHWN7dF/Clzgkz+r5MyI=
  
  d3-brush@1:
    version "1.1.6"
    resolved "http://registry.m.jd.com/d3-brush/download/d3-brush-1.1.6.tgz#b0a22c7372cabec128bdddf9bddc058592f89e9b"
    integrity sha1-sKIsc3LKvsEovd35vdwFhZL4nps=
    dependencies:
      d3-dispatch "1"
      d3-drag "1"
      d3-interpolate "1"
      d3-selection "1"
      d3-transition "1"
  
  d3-brush@3:
    version "3.0.0"
    resolved "http://registry.m.jd.com/d3-brush/download/d3-brush-3.0.0.tgz#6f767c4ed8dcb79de7ede3e1c0f89e63ef64d31c"
    integrity sha1-b3Z8Ttjct53n7ePhwPieY+9k0xw=
    dependencies:
      d3-dispatch "1 - 3"
      d3-drag "2 - 3"
      d3-interpolate "1 - 3"
      d3-selection "3"
      d3-transition "3"
  
  d3-chord@1:
    version "1.0.6"
    resolved "http://registry.m.jd.com/d3-chord/download/d3-chord-1.0.6.tgz#309157e3f2db2c752f0280fedd35f2067ccbb15f"
    integrity sha1-MJFX4/LbLHUvAoD+3TXyBnzLsV8=
    dependencies:
      d3-array "1"
      d3-path "1"
  
  d3-chord@3:
    version "3.0.1"
    resolved "http://registry.m.jd.com/d3-chord/download/d3-chord-3.0.1.tgz#d156d61f485fce8327e6abf339cb41d8cbba6966"
    integrity sha1-0VbWH0hfzoMn5qvzOctB2Mu6aWY=
    dependencies:
      d3-path "1 - 3"
  
  d3-collection@1:
    version "1.0.7"
    resolved "http://registry.m.jd.com/d3-collection/download/d3-collection-1.0.7.tgz#349bd2aa9977db071091c13144d5e4f16b5b310e"
    integrity sha1-NJvSqpl32wcQkcExRNXk8WtbMQ4=
  
  d3-color@1:
    version "1.4.1"
    resolved "http://registry.m.jd.com/d3-color/download/d3-color-1.4.1.tgz#c52002bf8846ada4424d55d97982fef26eb3bc8a"
    integrity sha1-xSACv4hGraRCTVXZeYL+8m6zvIo=
  
  "d3-color@1 - 3", d3-color@3:
    version "3.1.0"
    resolved "http://registry.m.jd.com/d3-color/download/d3-color-3.1.0.tgz#395b2833dfac71507f12ac2f7af23bf819de24e2"
    integrity sha1-OVsoM9+scVB/EqwvevI7+BneJOI=
  
  d3-contour@1:
    version "1.3.2"
    resolved "http://registry.m.jd.com/d3-contour/download/d3-contour-1.3.2.tgz#652aacd500d2264cb3423cee10db69f6f59bead3"
    integrity sha1-ZSqs1QDSJkyzQjzuENtp9vWb6tM=
    dependencies:
      d3-array "^1.1.1"
  
  d3-contour@4:
    version "4.0.0"
    resolved "http://registry.m.jd.com/d3-contour/download/d3-contour-4.0.0.tgz#5a1337c6da0d528479acdb5db54bc81a0ff2ec6b"
    integrity sha1-WhM3xtoNUoR5rNtdtUvIGg/y7Gs=
    dependencies:
      d3-array "^3.2.0"
  
  d3-delaunay@6:
    version "6.0.2"
    resolved "http://registry.m.jd.com/d3-delaunay/download/d3-delaunay-6.0.2.tgz#7fd3717ad0eade2fc9939f4260acfb503f984e92"
    integrity sha1-f9NxetDq3i/Jk59CYKz7UD+YTpI=
    dependencies:
      delaunator "5"
  
  d3-dispatch@1:
    version "1.0.6"
    resolved "http://registry.m.jd.com/d3-dispatch/download/d3-dispatch-1.0.6.tgz#00d37bcee4dd8cd97729dd893a0ac29caaba5d58"
    integrity sha1-ANN7zuTdjNl3Kd2JOgrCnKq6XVg=
  
  "d3-dispatch@1 - 3", d3-dispatch@3:
    version "3.0.1"
    resolved "http://registry.m.jd.com/d3-dispatch/download/d3-dispatch-3.0.1.tgz#5fc75284e9c2375c36c839411a0cf550cbfc4d5e"
    integrity sha1-X8dShOnCN1w2yDlBGgz1UMv8TV4=
  
  d3-drag@1:
    version "1.2.5"
    resolved "http://registry.m.jd.com/d3-drag/download/d3-drag-1.2.5.tgz#2537f451acd39d31406677b7dc77c82f7d988f70"
    integrity sha1-JTf0UazTnTFAZne33HfIL32Yj3A=
    dependencies:
      d3-dispatch "1"
      d3-selection "1"
  
  "d3-drag@2 - 3", d3-drag@3:
    version "3.0.0"
    resolved "http://registry.m.jd.com/d3-drag/download/d3-drag-3.0.0.tgz#994aae9cd23c719f53b5e10e3a0a6108c69607ba"
    integrity sha1-mUqunNI8cZ9TteEOOgphCMaWB7o=
    dependencies:
      d3-dispatch "1 - 3"
      d3-selection "3"
  
  d3-dsv@1:
    version "1.2.0"
    resolved "http://registry.m.jd.com/d3-dsv/download/d3-dsv-1.2.0.tgz#9d5f75c3a5f8abd611f74d3f5847b0d4338b885c"
    integrity sha1-nV91w6X4q9YR900/WEew1DOLiFw=
    dependencies:
      commander "2"
      iconv-lite "0.4"
      rw "1"
  
  "d3-dsv@1 - 3", d3-dsv@3:
    version "3.0.1"
    resolved "http://registry.m.jd.com/d3-dsv/download/d3-dsv-3.0.1.tgz#c63af978f4d6a0d084a52a673922be2160789b73"
    integrity sha1-xjr5ePTWoNCEpSpnOSK+IWB4m3M=
    dependencies:
      commander "7"
      iconv-lite "0.6"
      rw "1"
  
  d3-ease@1:
    version "1.0.7"
    resolved "http://registry.m.jd.com/d3-ease/download/d3-ease-1.0.7.tgz#9a834890ef8b8ae8c558b2fe55bd57f5993b85e2"
    integrity sha1-moNIkO+LiujFWLL+Vb1X9Zk7heI=
  
  "d3-ease@1 - 3", d3-ease@3:
    version "3.0.1"
    resolved "http://registry.m.jd.com/d3-ease/download/d3-ease-3.0.1.tgz#9658ac38a2140d59d346160f1f6c30fda0bd12f4"
    integrity sha1-llisOKIUDVnTRhYPH2ww/aC9EvQ=
  
  d3-fetch@1:
    version "1.2.0"
    resolved "http://registry.m.jd.com/d3-fetch/download/d3-fetch-1.2.0.tgz#15ce2ecfc41b092b1db50abd2c552c2316cf7fc7"
    integrity sha1-Fc4uz8QbCSsdtQq9LFUsIxbPf8c=
    dependencies:
      d3-dsv "1"
  
  d3-fetch@3:
    version "3.0.1"
    resolved "http://registry.m.jd.com/d3-fetch/download/d3-fetch-3.0.1.tgz#83141bff9856a0edb5e38de89cdcfe63d0a60a22"
    integrity sha1-gxQb/5hWoO21443onNz+Y9CmCiI=
    dependencies:
      d3-dsv "1 - 3"
  
  d3-force@1:
    version "1.2.1"
    resolved "http://registry.m.jd.com/d3-force/download/d3-force-1.2.1.tgz#fd29a5d1ff181c9e7f0669e4bd72bdb0e914ec0b"
    integrity sha1-/Sml0f8YHJ5/BmnkvXK9sOkU7As=
    dependencies:
      d3-collection "1"
      d3-dispatch "1"
      d3-quadtree "1"
      d3-timer "1"
  
  d3-force@3:
    version "3.0.0"
    resolved "http://registry.m.jd.com/d3-force/download/d3-force-3.0.0.tgz#3e2ba1a61e70888fe3d9194e30d6d14eece155c4"
    integrity sha1-Piuhph5wiI/j2RlOMNbRTuzhVcQ=
    dependencies:
      d3-dispatch "1 - 3"
      d3-quadtree "1 - 3"
      d3-timer "1 - 3"
  
  d3-format@1:
    version "1.4.5"
    resolved "http://registry.m.jd.com/d3-format/download/d3-format-1.4.5.tgz#374f2ba1320e3717eb74a9356c67daee17a7edb4"
    integrity sha1-N08roTIONxfrdKk1bGfa7hen7bQ=
  
  "d3-format@1 - 3", d3-format@3:
    version "3.1.0"
    resolved "http://registry.m.jd.com/d3-format/download/d3-format-3.1.0.tgz#9260e23a28ea5cb109e93b21a06e24e2ebd55641"
    integrity sha1-kmDiOijqXLEJ6TshoG4k4uvVVkE=
  
  d3-geo@1:
    version "1.12.1"
    resolved "http://registry.m.jd.com/d3-geo/download/d3-geo-1.12.1.tgz#7fc2ab7414b72e59fbcbd603e80d9adc029b035f"
    integrity sha1-f8KrdBS3Lln7y9YD6A2a3AKbA18=
    dependencies:
      d3-array "1"
  
  d3-geo@3:
    version "3.0.1"
    resolved "http://registry.m.jd.com/d3-geo/download/d3-geo-3.0.1.tgz#4f92362fd8685d93e3b1fae0fd97dc8980b1ed7e"
    integrity sha1-T5I2L9hoXZPjsfrg/ZfciYCx7X4=
    dependencies:
      d3-array "2.5.0 - 3"
  
  d3-hierarchy@1:
    version "1.1.9"
    resolved "http://registry.m.jd.com/d3-hierarchy/download/d3-hierarchy-1.1.9.tgz#2f6bee24caaea43f8dc37545fa01628559647a83"
    integrity sha1-L2vuJMqupD+Nw3VF+gFihVlkeoM=
  
  d3-hierarchy@3:
    version "3.1.2"
    resolved "http://registry.m.jd.com/d3-hierarchy/download/d3-hierarchy-3.1.2.tgz#b01cd42c1eed3d46db77a5966cf726f8c09160c6"
    integrity sha1-sBzULB7tPUbbd6WWbPcm+MCRYMY=
  
  d3-interpolate@1:
    version "1.4.0"
    resolved "http://registry.m.jd.com/d3-interpolate/download/d3-interpolate-1.4.0.tgz#526e79e2d80daa383f9e0c1c1c7dcc0f0583e987"
    integrity sha1-Um554tgNqjg/ngwcHH3MDwWD6Yc=
    dependencies:
      d3-color "1"
  
  "d3-interpolate@1 - 3", "d3-interpolate@1.2.0 - 3", d3-interpolate@3:
    version "3.0.1"
    resolved "http://registry.m.jd.com/d3-interpolate/download/d3-interpolate-3.0.1.tgz#3c47aa5b32c5b3dfb56ef3fd4342078a632b400d"
    integrity sha1-PEeqWzLFs9+1bvP9Q0IHimMrQA0=
    dependencies:
      d3-color "1 - 3"
  
  d3-path@1:
    version "1.0.9"
    resolved "http://registry.m.jd.com/d3-path/download/d3-path-1.0.9.tgz#48c050bb1fe8c262493a8caf5524e3e9591701cf"
    integrity sha1-SMBQux/owmJJOoyvVSTj6VkXAc8=
  
  "d3-path@1 - 3", d3-path@3:
    version "3.0.1"
    resolved "http://registry.m.jd.com/d3-path/download/d3-path-3.0.1.tgz#f09dec0aaffd770b7995f1a399152bf93052321e"
    integrity sha1-8J3sCq/9dwt5lfGjmRUr+TBSMh4=
  
  d3-polygon@1:
    version "1.0.6"
    resolved "http://registry.m.jd.com/d3-polygon/download/d3-polygon-1.0.6.tgz#0bf8cb8180a6dc107f518ddf7975e12abbfbd38e"
    integrity sha1-C/jLgYCm3BB/UY3feXXhKrv7044=
  
  d3-polygon@3:
    version "3.0.1"
    resolved "http://registry.m.jd.com/d3-polygon/download/d3-polygon-3.0.1.tgz#0b45d3dd1c48a29c8e057e6135693ec80bf16398"
    integrity sha1-C0XT3RxIopyOBX5hNWk+yAvxY5g=
  
  d3-quadtree@1:
    version "1.0.7"
    resolved "http://registry.m.jd.com/d3-quadtree/download/d3-quadtree-1.0.7.tgz#ca8b84df7bb53763fe3c2f24bd435137f4e53135"
    integrity sha1-youE33u1N2P+PC8kvUNRN/TlMTU=
  
  "d3-quadtree@1 - 3", d3-quadtree@3:
    version "3.0.1"
    resolved "http://registry.m.jd.com/d3-quadtree/download/d3-quadtree-3.0.1.tgz#6dca3e8be2b393c9a9d514dabbd80a92deef1a4f"
    integrity sha1-bco+i+Kzk8mp1RTau9gKkt7vGk8=
  
  d3-random@1:
    version "1.1.2"
    resolved "http://registry.m.jd.com/d3-random/download/d3-random-1.1.2.tgz#2833be7c124360bf9e2d3fd4f33847cfe6cab291"
    integrity sha1-KDO+fBJDYL+eLT/U8zhHz+bKspE=
  
  d3-random@3:
    version "3.0.1"
    resolved "http://registry.m.jd.com/d3-random/download/d3-random-3.0.1.tgz#d4926378d333d9c0bfd1e6fa0194d30aebaa20f4"
    integrity sha1-1JJjeNMz2cC/0eb6AZTTCuuqIPQ=
  
  d3-scale-chromatic@1:
    version "1.5.0"
    resolved "http://registry.m.jd.com/d3-scale-chromatic/download/d3-scale-chromatic-1.5.0.tgz#54e333fc78212f439b14641fb55801dd81135a98"
    integrity sha1-VOMz/HghL0ObFGQftVgB3YETWpg=
    dependencies:
      d3-color "1"
      d3-interpolate "1"
  
  d3-scale-chromatic@3:
    version "3.0.0"
    resolved "http://registry.m.jd.com/d3-scale-chromatic/download/d3-scale-chromatic-3.0.0.tgz#15b4ceb8ca2bb0dcb6d1a641ee03d59c3b62376a"
    integrity sha1-FbTOuMorsNy20aZB7gPVnDtiN2o=
    dependencies:
      d3-color "1 - 3"
      d3-interpolate "1 - 3"
  
  d3-scale@2:
    version "2.2.2"
    resolved "http://registry.m.jd.com/d3-scale/download/d3-scale-2.2.2.tgz#4e880e0b2745acaaddd3ede26a9e908a9e17b81f"
    integrity sha1-TogOCydFrKrd0+3iap6Qip4XuB8=
    dependencies:
      d3-array "^1.2.0"
      d3-collection "1"
      d3-format "1"
      d3-interpolate "1"
      d3-time "1"
      d3-time-format "2"
  
  d3-scale@4:
    version "4.0.2"
    resolved "http://registry.m.jd.com/d3-scale/download/d3-scale-4.0.2.tgz#82b38e8e8ff7080764f8dcec77bd4be393689396"
    integrity sha1-grOOjo/3CAdk+Nzsd71L45Nok5Y=
    dependencies:
      d3-array "2.10.0 - 3"
      d3-format "1 - 3"
      d3-interpolate "1.2.0 - 3"
      d3-time "2.1.1 - 3"
      d3-time-format "2 - 4"
  
  d3-selection@1, d3-selection@^1.1.0:
    version "1.4.2"
    resolved "http://registry.m.jd.com/d3-selection/download/d3-selection-1.4.2.tgz#dcaa49522c0dbf32d6c1858afc26b6094555bc5c"
    integrity sha1-3KpJUiwNvzLWwYWK/Ca2CUVVvFw=
  
  "d3-selection@2 - 3", d3-selection@3:
    version "3.0.0"
    resolved "http://registry.m.jd.com/d3-selection/download/d3-selection-3.0.0.tgz#c25338207efa72cc5b9bd1458a1a41901f1e1b31"
    integrity sha1-wlM4IH76csxbm9FFihpBkB8eGzE=
  
  d3-shape@1:
    version "1.3.7"
    resolved "http://registry.m.jd.com/d3-shape/download/d3-shape-1.3.7.tgz#df63801be07bc986bc54f63789b4fe502992b5d7"
    integrity sha1-32OAG+B7yYa8VPY3ibT+UCmStdc=
    dependencies:
      d3-path "1"
  
  d3-shape@3:
    version "3.1.0"
    resolved "http://registry.m.jd.com/d3-shape/download/d3-shape-3.1.0.tgz#c8a495652d83ea6f524e482fca57aa3f8bc32556"
    integrity sha1-yKSVZS2D6m9STkgvyleqP4vDJVY=
    dependencies:
      d3-path "1 - 3"
  
  d3-time-format@2:
    version "2.3.0"
    resolved "http://registry.m.jd.com/d3-time-format/download/d3-time-format-2.3.0.tgz#107bdc028667788a8924ba040faf1fbccd5a7850"
    integrity sha1-EHvcAoZneIqJJLoED68fvM1aeFA=
    dependencies:
      d3-time "1"
  
  "d3-time-format@2 - 4", d3-time-format@4:
    version "4.1.0"
    resolved "http://registry.m.jd.com/d3-time-format/download/d3-time-format-4.1.0.tgz#7ab5257a5041d11ecb4fe70a5c7d16a195bb408a"
    integrity sha1-erUlelBB0R7LT+cKXH0WoZW7QIo=
    dependencies:
      d3-time "1 - 3"
  
  d3-time@1:
    version "1.1.0"
    resolved "http://registry.m.jd.com/d3-time/download/d3-time-1.1.0.tgz#b1e19d307dae9c900b7e5b25ffc5dcc249a8a0f1"
    integrity sha1-seGdMH2unJALflsl/8XcwkmooPE=
  
  "d3-time@1 - 3", "d3-time@2.1.1 - 3", d3-time@3:
    version "3.1.0"
    resolved "http://registry.m.jd.com/d3-time/download/d3-time-3.1.0.tgz#9310db56e992e3c0175e1ef385e545e48a9bb5c7"
    integrity sha1-kxDbVumS48AXXh7zheVF5Iqbtcc=
    dependencies:
      d3-array "2 - 3"
  
  d3-timer@1:
    version "1.0.10"
    resolved "http://registry.m.jd.com/d3-timer/download/d3-timer-1.0.10.tgz#dfe76b8a91748831b13b6d9c793ffbd508dd9de5"
    integrity sha1-3+dripF0iDGxO22ceT/71QjdneU=
  
  "d3-timer@1 - 3", d3-timer@3:
    version "3.0.1"
    resolved "http://registry.m.jd.com/d3-timer/download/d3-timer-3.0.1.tgz#6284d2a2708285b1abb7e201eda4380af35e63b0"
    integrity sha1-YoTSonCChbGrt+IB7aQ4CvNeY7A=
  
  d3-transition@1:
    version "1.3.2"
    resolved "http://registry.m.jd.com/d3-transition/download/d3-transition-1.3.2.tgz#a98ef2151be8d8600543434c1ca80140ae23b398"
    integrity sha1-qY7yFRvo2GAFQ0NMHKgBQK4js5g=
    dependencies:
      d3-color "1"
      d3-dispatch "1"
      d3-ease "1"
      d3-interpolate "1"
      d3-selection "^1.1.0"
      d3-timer "1"
  
  "d3-transition@2 - 3", d3-transition@3:
    version "3.0.1"
    resolved "http://registry.m.jd.com/d3-transition/download/d3-transition-3.0.1.tgz#6869fdde1448868077fdd5989200cb61b2a1645f"
    integrity sha1-aGn93hRIhoB3/dWYkgDLYbKhZF8=
    dependencies:
      d3-color "1 - 3"
      d3-dispatch "1 - 3"
      d3-ease "1 - 3"
      d3-interpolate "1 - 3"
      d3-timer "1 - 3"
  
  d3-voronoi@1:
    version "1.1.4"
    resolved "http://registry.m.jd.com/d3-voronoi/download/d3-voronoi-1.1.4.tgz#dd3c78d7653d2bb359284ae478645d95944c8297"
    integrity sha1-3Tx412U9K7NZKErkeGRdlZRMgpc=
  
  d3-zoom@1:
    version "1.8.3"
    resolved "http://registry.m.jd.com/d3-zoom/download/d3-zoom-1.8.3.tgz#b6a3dbe738c7763121cd05b8a7795ffe17f4fc0a"
    integrity sha1-tqPb5zjHdjEhzQW4p3lf/hf0/Ao=
    dependencies:
      d3-dispatch "1"
      d3-drag "1"
      d3-interpolate "1"
      d3-selection "1"
      d3-transition "1"
  
  d3-zoom@3:
    version "3.0.0"
    resolved "http://registry.m.jd.com/d3-zoom/download/d3-zoom-3.0.0.tgz#d13f4165c73217ffeaa54295cd6969b3e7aee8f3"
    integrity sha1-0T9BZccyF//qpUKVzWlps+eu6PM=
    dependencies:
      d3-dispatch "1 - 3"
      d3-drag "2 - 3"
      d3-interpolate "1 - 3"
      d3-selection "2 - 3"
      d3-transition "2 - 3"
  
  d3@^5.14:
    version "5.16.0"
    resolved "http://registry.m.jd.com/d3/download/d3-5.16.0.tgz#9c5e8d3b56403c79d4ed42fbd62f6113f199c877"
    integrity sha1-nF6NO1ZAPHnU7UL71i9hE/GZyHc=
    dependencies:
      d3-array "1"
      d3-axis "1"
      d3-brush "1"
      d3-chord "1"
      d3-collection "1"
      d3-color "1"
      d3-contour "1"
      d3-dispatch "1"
      d3-drag "1"
      d3-dsv "1"
      d3-ease "1"
      d3-fetch "1"
      d3-force "1"
      d3-format "1"
      d3-geo "1"
      d3-hierarchy "1"
      d3-interpolate "1"
      d3-path "1"
      d3-polygon "1"
      d3-quadtree "1"
      d3-random "1"
      d3-scale "2"
      d3-scale-chromatic "1"
      d3-selection "1"
      d3-shape "1"
      d3-time "1"
      d3-time-format "2"
      d3-timer "1"
      d3-transition "1"
      d3-voronoi "1"
      d3-zoom "1"
  
  d3@^7.0.0:
    version "7.7.0"
    resolved "http://registry.m.jd.com/d3/download/d3-7.7.0.tgz#e7779a74ea7c807b432fdfd8128de062b19c62eb"
    integrity sha1-53eadOp8gHtDL9/YEo3gYrGcYus=
    dependencies:
      d3-array "3"
      d3-axis "3"
      d3-brush "3"
      d3-chord "3"
      d3-color "3"
      d3-contour "4"
      d3-delaunay "6"
      d3-dispatch "3"
      d3-drag "3"
      d3-dsv "3"
      d3-ease "3"
      d3-fetch "3"
      d3-force "3"
      d3-format "3"
      d3-geo "3"
      d3-hierarchy "3"
      d3-interpolate "3"
      d3-path "3"
      d3-polygon "3"
      d3-quadtree "3"
      d3-random "3"
      d3-scale "4"
      d3-scale-chromatic "3"
      d3-selection "3"
      d3-shape "3"
      d3-time "3"
      d3-time-format "4"
      d3-timer "3"
      d3-transition "3"
      d3-zoom "3"
  
  dagre-d3@^0.6.4:
    version "0.6.4"
    resolved "http://registry.m.jd.com/dagre-d3/download/dagre-d3-0.6.4.tgz#0728d5ce7f177ca2337df141ceb60fbe6eeb7b29"
    integrity sha1-ByjVzn8XfKIzffFBzrYPvm7reyk=
    dependencies:
      d3 "^5.14"
      dagre "^0.8.5"
      graphlib "^2.1.8"
      lodash "^4.17.15"
  
  dagre@^0.8.5:
    version "0.8.5"
    resolved "http://registry.m.jd.com/dagre/download/dagre-0.8.5.tgz#ba30b0055dac12b6c1fcc247817442777d06afee"
    integrity sha1-ujCwBV2sErbB/MJHgXRCd30Gr+4=
    dependencies:
      graphlib "^2.1.8"
      lodash "^4.17.15"
  
  debug@2.6.9:
    version "2.6.9"
    resolved "http://registry.m.jd.com/debug/download/debug-2.6.9.tgz#5d128515df134ff327e90a4c93f4e077a536341f"
    integrity sha1-XRKFFd8TT/Mn6QpMk/Tgd6U2NB8=
    dependencies:
      ms "2.0.0"
  
  debug@^4.3.2, debug@^4.3.4:
    version "4.3.4"
    resolved "http://registry.m.jd.com/debug/download/debug-4.3.4.tgz#1319f6579357f2338d3337d2cdd4914bb5dcc865"
    integrity sha1-Exn2V5NX8jONMzfSzdSRS7XcyGU=
    dependencies:
      ms "2.1.2"
  
  define-lazy-prop@^2.0.0:
    version "2.0.0"
    resolved "http://registry.m.jd.com/define-lazy-prop/download/define-lazy-prop-2.0.0.tgz#3f7ae421129bcaaac9bc74905c98a0009ec9ee7f"
    integrity sha1-P3rkIRKbyqrJvHSQXJigAJ7J7n8=
  
  defu@^6.0.0:
    version "6.1.1"
    resolved "http://registry.m.jd.com/defu/download/defu-6.1.1.tgz#a12c712349197c545dc61d3cd3b607b4cc7ef0c1"
    integrity sha1-oSxxI0kZfFRdxh0807YHtMx+8ME=
  
  delaunator@5:
    version "5.0.0"
    resolved "http://registry.m.jd.com/delaunator/download/delaunator-5.0.0.tgz#60f052b28bd91c9b4566850ebf7756efe821d81b"
    integrity sha1-YPBSsovZHJtFZoUOv3dW7+gh2Bs=
    dependencies:
      robust-predicates "^3.0.0"
  
  dompurify@2.4.0:
    version "2.4.0"
    resolved "http://registry.m.jd.com/dompurify/download/dompurify-2.4.0.tgz#c9c88390f024c2823332615c9e20a453cf3825dd"
    integrity sha1-yciDkPAkwoIzMmFcniCkU884Jd0=
  
  drauu@^0.3.0:
    version "0.3.0"
    resolved "http://registry.m.jd.com/drauu/download/drauu-0.3.0.tgz#c20d597dcca7ace9cc81e046c13f31ed6683252f"
    integrity sha1-wg1ZfcynrOnMgeBGwT8x7WaDJS8=
    dependencies:
      "@drauu/core" "0.3.0"
  
  ee-first@1.1.1:
    version "1.1.1"
    resolved "http://registry.m.jd.com/ee-first/download/ee-first-1.1.1.tgz#590c61156b0ae2f4f0255732a158b266bc56b21d"
    integrity sha1-WQxhFWsK4vTwJVcyoViyZrxWsh0=
  
  emoji-regex@^8.0.0:
    version "8.0.0"
    resolved "http://registry.m.jd.com/emoji-regex/download/emoji-regex-8.0.0.tgz#e818fd69ce5ccfcb404594f842963bf53164cc37"
    integrity sha1-6Bj9ac5cz8tARZT4QpY79TFkzDc=
  
  encodeurl@~1.0.2:
    version "1.0.2"
    resolved "http://registry.m.jd.com/encodeurl/download/encodeurl-1.0.2.tgz#ad3ff4c86ec2d029322f5a02c3a9a606c95b3f59"
    integrity sha1-rT/0yG7C0CkyL1oCw6mmBslbP1k=
  
  entities@~3.0.1:
    version "3.0.1"
    resolved "http://registry.m.jd.com/entities/download/entities-3.0.1.tgz#2b887ca62585e96db3903482d336c1006c3001d4"
    integrity sha1-K4h8piWF6W2zkDSC0zbBAGwwAdQ=
  
  esbuild-android-64@0.14.54:
    version "0.14.54"
    resolved "http://registry.m.jd.com/esbuild-android-64/download/esbuild-android-64-0.14.54.tgz#505f41832884313bbaffb27704b8bcaa2d8616be"
    integrity sha1-UF9BgyiEMTu6/7J3BLi8qi2GFr4=
  
  esbuild-android-arm64@0.14.54:
    version "0.14.54"
    resolved "http://registry.m.jd.com/esbuild-android-arm64/download/esbuild-android-arm64-0.14.54.tgz#8ce69d7caba49646e009968fe5754a21a9871771"
    integrity sha1-jOadfKuklkbgCZaP5XVKIamHF3E=
  
  esbuild-darwin-64@0.14.54:
    version "0.14.54"
    resolved "http://registry.m.jd.com/esbuild-darwin-64/download/esbuild-darwin-64-0.14.54.tgz#24ba67b9a8cb890a3c08d9018f887cc221cdda25"
    integrity sha1-JLpnuajLiQo8CNkBj4h8wiHN2iU=
  
  esbuild-darwin-arm64@0.14.54:
    version "0.14.54"
    resolved "http://registry.m.jd.com/esbuild-darwin-arm64/download/esbuild-darwin-arm64-0.14.54.tgz#3f7cdb78888ee05e488d250a2bdaab1fa671bf73"
    integrity sha1-P3zbeIiO4F5IjSUKK9qrH6Zxv3M=
  
  esbuild-freebsd-64@0.14.54:
    version "0.14.54"
    resolved "http://registry.m.jd.com/esbuild-freebsd-64/download/esbuild-freebsd-64-0.14.54.tgz#09250f997a56ed4650f3e1979c905ffc40bbe94d"
    integrity sha1-CSUPmXpW7UZQ8+GXnJBf/EC76U0=
  
  esbuild-freebsd-arm64@0.14.54:
    version "0.14.54"
    resolved "http://registry.m.jd.com/esbuild-freebsd-arm64/download/esbuild-freebsd-arm64-0.14.54.tgz#bafb46ed04fc5f97cbdb016d86947a79579f8e48"
    integrity sha1-uvtG7QT8X5fL2wFthpR6eVefjkg=
  
  esbuild-linux-32@0.14.54:
    version "0.14.54"
    resolved "http://registry.m.jd.com/esbuild-linux-32/download/esbuild-linux-32-0.14.54.tgz#e2a8c4a8efdc355405325033fcebeb941f781fe5"
    integrity sha1-4qjEqO/cNVQFMlAz/OvrlB94H+U=
  
  esbuild-linux-64@0.14.54:
    version "0.14.54"
    resolved "http://registry.m.jd.com/esbuild-linux-64/download/esbuild-linux-64-0.14.54.tgz#de5fdba1c95666cf72369f52b40b03be71226652"
    integrity sha1-3l/boclWZs9yNp9StAsDvnEiZlI=
  
  esbuild-linux-arm64@0.14.54:
    version "0.14.54"
    resolved "http://registry.m.jd.com/esbuild-linux-arm64/download/esbuild-linux-arm64-0.14.54.tgz#dae4cd42ae9787468b6a5c158da4c84e83b0ce8b"
    integrity sha1-2uTNQq6Xh0aLalwVjaTIToOwzos=
  
  esbuild-linux-arm@0.14.54:
    version "0.14.54"
    resolved "http://registry.m.jd.com/esbuild-linux-arm/download/esbuild-linux-arm-0.14.54.tgz#a2c1dff6d0f21dbe8fc6998a122675533ddfcd59"
    integrity sha1-osHf9tDyHb6PxpmKEiZ1Uz3fzVk=
  
  esbuild-linux-mips64le@0.14.54:
    version "0.14.54"
    resolved "http://registry.m.jd.com/esbuild-linux-mips64le/download/esbuild-linux-mips64le-0.14.54.tgz#d9918e9e4cb972f8d6dae8e8655bf9ee131eda34"
    integrity sha1-2ZGOnky5cvjW2ujoZVv57hMe2jQ=
  
  esbuild-linux-ppc64le@0.14.54:
    version "0.14.54"
    resolved "http://registry.m.jd.com/esbuild-linux-ppc64le/download/esbuild-linux-ppc64le-0.14.54.tgz#3f9a0f6d41073fb1a640680845c7de52995f137e"
    integrity sha1-P5oPbUEHP7GmQGgIRcfeUplfE34=
  
  esbuild-linux-riscv64@0.14.54:
    version "0.14.54"
    resolved "http://registry.m.jd.com/esbuild-linux-riscv64/download/esbuild-linux-riscv64-0.14.54.tgz#618853c028178a61837bc799d2013d4695e451c8"
    integrity sha1-YYhTwCgXimGDe8eZ0gE9RpXkUcg=
  
  esbuild-linux-s390x@0.14.54:
    version "0.14.54"
    resolved "http://registry.m.jd.com/esbuild-linux-s390x/download/esbuild-linux-s390x-0.14.54.tgz#d1885c4c5a76bbb5a0fe182e2c8c60eb9e29f2a6"
    integrity sha1-0YhcTFp2u7Wg/hguLIxg654p8qY=
  
  esbuild-netbsd-64@0.14.54:
    version "0.14.54"
    resolved "http://registry.m.jd.com/esbuild-netbsd-64/download/esbuild-netbsd-64-0.14.54.tgz#69ae917a2ff241b7df1dbf22baf04bd330349e81"
    integrity sha1-aa6Rei/yQbffHb8iuvBL0zA0noE=
  
  esbuild-openbsd-64@0.14.54:
    version "0.14.54"
    resolved "http://registry.m.jd.com/esbuild-openbsd-64/download/esbuild-openbsd-64-0.14.54.tgz#db4c8495287a350a6790de22edea247a57c5d47b"
    integrity sha1-20yElSh6NQpnkN4i7eokelfF1Hs=
  
  esbuild-sunos-64@0.14.54:
    version "0.14.54"
    resolved "http://registry.m.jd.com/esbuild-sunos-64/download/esbuild-sunos-64-0.14.54.tgz#54287ee3da73d3844b721c21bc80c1dc7e1bf7da"
    integrity sha1-VCh+49pz04RLchwhvIDB3H4b99o=
  
  esbuild-windows-32@0.14.54:
    version "0.14.54"
    resolved "http://registry.m.jd.com/esbuild-windows-32/download/esbuild-windows-32-0.14.54.tgz#f8aaf9a5667630b40f0fb3aa37bf01bbd340ce31"
    integrity sha1-+Kr5pWZ2MLQPD7OqN78Bu9NAzjE=
  
  esbuild-windows-64@0.14.54:
    version "0.14.54"
    resolved "http://registry.m.jd.com/esbuild-windows-64/download/esbuild-windows-64-0.14.54.tgz#bf54b51bd3e9b0f1886ffdb224a4176031ea0af4"
    integrity sha1-v1S1G9PpsPGIb/2yJKQXYDHqCvQ=
  
  esbuild-windows-arm64@0.14.54:
    version "0.14.54"
    resolved "http://registry.m.jd.com/esbuild-windows-arm64/download/esbuild-windows-arm64-0.14.54.tgz#937d15675a15e4b0e4fafdbaa3a01a776a2be982"
    integrity sha1-k30VZ1oV5LDk+v26o6Aad2or6YI=
  
  esbuild@^0.14.27:
    version "0.14.54"
    resolved "http://registry.m.jd.com/esbuild/download/esbuild-0.14.54.tgz#8b44dcf2b0f1a66fc22459943dccf477535e9aa2"
    integrity sha1-i0Tc8rDxpm/CJFmUPcz0d1NemqI=
    optionalDependencies:
      "@esbuild/linux-loong64" "0.14.54"
      esbuild-android-64 "0.14.54"
      esbuild-android-arm64 "0.14.54"
      esbuild-darwin-64 "0.14.54"
      esbuild-darwin-arm64 "0.14.54"
      esbuild-freebsd-64 "0.14.54"
      esbuild-freebsd-arm64 "0.14.54"
      esbuild-linux-32 "0.14.54"
      esbuild-linux-64 "0.14.54"
      esbuild-linux-arm "0.14.54"
      esbuild-linux-arm64 "0.14.54"
      esbuild-linux-mips64le "0.14.54"
      esbuild-linux-ppc64le "0.14.54"
      esbuild-linux-riscv64 "0.14.54"
      esbuild-linux-s390x "0.14.54"
      esbuild-netbsd-64 "0.14.54"
      esbuild-openbsd-64 "0.14.54"
      esbuild-sunos-64 "0.14.54"
      esbuild-windows-32 "0.14.54"
      esbuild-windows-64 "0.14.54"
      esbuild-windows-arm64 "0.14.54"
  
  escalade@^3.1.1:
    version "3.1.1"
    resolved "http://registry.m.jd.com/escalade/download/escalade-3.1.1.tgz#d8cfdc7000965c5a0174b4a82eaa5c0552742e40"
    integrity sha1-2M/ccACWXFoBdLSoLqpcBVJ0LkA=
  
  escape-html@~1.0.3:
    version "1.0.3"
    resolved "http://registry.m.jd.com/escape-html/download/escape-html-1.0.3.tgz#0258eae4d3d0c0974de1c169188ef0051d1d1988"
    integrity sha1-Aljq5NPQwJdN4cFpGI7wBR0dGYg=
  
  esprima@^4.0.0:
    version "4.0.1"
    resolved "http://registry.m.jd.com/esprima/download/esprima-4.0.1.tgz#13b04cdb3e6c5d19df91ab6987a8695619b0aa71"
    integrity sha1-E7BM2z5sXRnfkatph6hpVhmwqnE=
  
  estree-walker@^2.0.1, estree-walker@^2.0.2:
    version "2.0.2"
    resolved "http://registry.m.jd.com/estree-walker/download/estree-walker-2.0.2.tgz#52f010178c2a4c117a7757cfe942adb7d2da4cac"
    integrity sha1-UvAQF4wqTBF6d1fP6UKtt9LaTKw=
  
  execa@^5.1.1:
    version "5.1.1"
    resolved "http://registry.m.jd.com/execa/download/execa-5.1.1.tgz#f80ad9cbf4298f7bd1d4c9555c21e93741c411dd"
    integrity sha1-+ArZy/Qpj3vR1MlVXCHpN0HEEd0=
    dependencies:
      cross-spawn "^7.0.3"
      get-stream "^6.0.0"
      human-signals "^2.1.0"
      is-stream "^2.0.0"
      merge-stream "^2.0.0"
      npm-run-path "^4.0.1"
      onetime "^5.1.2"
      signal-exit "^3.0.3"
      strip-final-newline "^2.0.0"
  
  extend-shallow@^2.0.1:
    version "2.0.1"
    resolved "http://registry.m.jd.com/extend-shallow/download/extend-shallow-2.0.1.tgz#51af7d614ad9a9f610ea1bafbb989d6b1c56890f"
    integrity sha1-Ua99YUrZqfYQ6huvu5idaxxWiQ8=
    dependencies:
      is-extendable "^0.1.0"
  
  fast-clone@^1.5.13:
    version "1.5.13"
    resolved "http://registry.m.jd.com/fast-clone/download/fast-clone-1.5.13.tgz#7fe17542ae1c872e71bf80d177d00c11f51c2ea7"
    integrity sha1-f+F1Qq4chy5xv4DRd9AMEfUcLqc=
  
  fast-glob@^3.2.11:
    version "3.2.12"
    resolved "http://registry.m.jd.com/fast-glob/download/fast-glob-3.2.12.tgz#7f39ec99c2e6ab030337142da9e0c18f37afae80"
    integrity sha1-fznsmcLmqwMDNxQtqeDBjzevroA=
    dependencies:
      "@nodelib/fs.stat" "^2.0.2"
      "@nodelib/fs.walk" "^1.2.3"
      glob-parent "^5.1.2"
      merge2 "^1.3.0"
      micromatch "^4.0.4"
  
  fastq@^1.6.0:
    version "1.13.0"
    resolved "http://registry.m.jd.com/fastq/download/fastq-1.13.0.tgz#616760f88a7526bdfc596b7cab8c18938c36b98c"
    integrity sha1-YWdg+Ip1Jr38WWt8q4wYk4w2uYw=
    dependencies:
      reusify "^1.0.4"
  
  file-saver@^2.0.5:
    version "2.0.5"
    resolved "http://registry.m.jd.com/file-saver/download/file-saver-2.0.5.tgz#d61cfe2ce059f414d899e9dd6d4107ee25670c38"
    integrity sha1-1hz+LOBZ9BTYmendbUEH7iVnDDg=
  
  fill-range@^7.0.1:
    version "7.0.1"
    resolved "http://registry.m.jd.com/fill-range/download/fill-range-7.0.1.tgz#1919a6a7c75fe38b2c7c77e5198535da9acdda40"
    integrity sha1-GRmmp8df44ssfHflGYU12prN2kA=
    dependencies:
      to-regex-range "^5.0.1"
  
  finalhandler@1.1.2:
    version "1.1.2"
    resolved "http://registry.m.jd.com/finalhandler/download/finalhandler-1.1.2.tgz#b7e7d000ffd11938d0fdb053506f6ebabe9f587d"
    integrity sha1-t+fQAP/RGTjQ/bBTUG9uur6fWH0=
    dependencies:
      debug "2.6.9"
      encodeurl "~1.0.2"
      escape-html "~1.0.3"
      on-finished "~2.3.0"
      parseurl "~1.3.3"
      statuses "~1.5.0"
      unpipe "~1.0.0"
  
  find-up@^5.0.0:
    version "5.0.0"
    resolved "http://registry.m.jd.com/find-up/download/find-up-5.0.0.tgz#4c92819ecb7083561e4f4a240a86be5198f536fc"
    integrity sha1-TJKBnstwg1YeT0okCoa+UZj1Nvw=
    dependencies:
      locate-path "^6.0.0"
      path-exists "^4.0.0"
  
  follow-redirects@^1.14.0:
    version "1.15.2"
    resolved "http://registry.m.jd.com/follow-redirects/download/follow-redirects-1.15.2.tgz#b460864144ba63f2681096f274c4e57026da2c13"
    integrity sha1-tGCGQUS6Y/JoEJbydMTlcCbaLBM=
  
  framesync@6.1.2, framesync@^6.1.0:
    version "6.1.2"
    resolved "http://registry.m.jd.com/framesync/download/framesync-6.1.2.tgz#755eff2fb5b8f3b4d2b266dd18121b300aefea27"
    integrity sha1-dV7/L7W487TSsmbdGBIbMArv6ic=
    dependencies:
      tslib "2.4.0"
  
  fs-extra@^10.1.0:
    version "10.1.0"
    resolved "http://registry.m.jd.com/fs-extra/download/fs-extra-10.1.0.tgz#02873cfbc4084dde127eaa5f9905eef2325d1abf"
    integrity sha1-Aoc8+8QITd4SfqpfmQXu8jJdGr8=
    dependencies:
      graceful-fs "^4.2.0"
      jsonfile "^6.0.1"
      universalify "^2.0.0"
  
  fs-extra@^9.1.0:
    version "9.1.0"
    resolved "http://registry.m.jd.com/fs-extra/download/fs-extra-9.1.0.tgz#5954460c764a8da2094ba3554bf839e6b9a7c86d"
    integrity sha1-WVRGDHZKjaIJS6NVS/g55rmnyG0=
    dependencies:
      at-least-node "^1.0.0"
      graceful-fs "^4.2.0"
      jsonfile "^6.0.1"
      universalify "^2.0.0"
  
  fsevents@~2.3.2:
    version "2.3.2"
    resolved "http://registry.m.jd.com/fsevents/download/fsevents-2.3.2.tgz#8a526f78b8fdf4623b709e0b975c52c24c02fd1a"
    integrity sha1-ilJveLj99GI7cJ4Ll1xSwkwC/Ro=
  
  function-bind@^1.1.1:
    version "1.1.1"
    resolved "http://registry.m.jd.com/function-bind/download/function-bind-1.1.1.tgz#a56899d3ea3c9bab874bb9773b7c5ede92f4895d"
    integrity sha1-pWiZ0+o8m6uHS7l3O3xe3pL0iV0=
  
  get-caller-file@^2.0.5:
    version "2.0.5"
    resolved "http://registry.m.jd.com/get-caller-file/download/get-caller-file-2.0.5.tgz#4f94412a82db32f36e3b0b9741f8a97feb031f7e"
    integrity sha1-T5RBKoLbMvNuOwuXQfipf+sDH34=
  
  get-stream@^6.0.0:
    version "6.0.1"
    resolved "http://registry.m.jd.com/get-stream/download/get-stream-6.0.1.tgz#a262d8eef67aced57c2852ad6167526a43cbf7b7"
    integrity sha1-omLY7vZ6ztV8KFKtYWdSakPL97c=
  
  glob-parent@^5.1.2, glob-parent@~5.1.2:
    version "5.1.2"
    resolved "http://registry.m.jd.com/glob-parent/download/glob-parent-5.1.2.tgz#869832c58034fe68a4093c17dc15e8340d8401c4"
    integrity sha1-hpgyxYA0/mikCTwX3BXoNA2EAcQ=
    dependencies:
      is-glob "^4.0.1"
  
  global-dirs@^0.1.1:
    version "0.1.1"
    resolved "http://registry.m.jd.com/global-dirs/download/global-dirs-0.1.1.tgz#b319c0dd4607f353f3be9cca4c72fc148c49f445"
    integrity sha1-sxnA3UYH81PzvpzKTHL8FIxJ9EU=
    dependencies:
      ini "^1.3.4"
  
  global-dirs@^3.0.0:
    version "3.0.0"
    resolved "http://registry.m.jd.com/global-dirs/download/global-dirs-3.0.0.tgz#70a76fe84ea315ab37b1f5576cbde7d48ef72686"
    integrity sha1-cKdv6E6jFas3sfVXbL3n1I73JoY=
    dependencies:
      ini "2.0.0"
  
  graceful-fs@^4.1.6, graceful-fs@^4.2.0:
    version "4.2.10"
    resolved "http://registry.m.jd.com/graceful-fs/download/graceful-fs-4.2.10.tgz#147d3a006da4ca3ce14728c7aefc287c367d7a6c"
    integrity sha1-FH06AG2kyjzhRyjHrvwofDZ9emw=
  
  graphlib@^2.1.8:
    version "2.1.8"
    resolved "http://registry.m.jd.com/graphlib/download/graphlib-2.1.8.tgz#5761d414737870084c92ec7b5dbcb0592c9d35da"
    integrity sha1-V2HUFHN4cAhMkux7XbywWSydNdo=
    dependencies:
      lodash "^4.17.15"
  
  gray-matter@^4.0.3:
    version "4.0.3"
    resolved "http://registry.m.jd.com/gray-matter/download/gray-matter-4.0.3.tgz#e893c064825de73ea1f5f7d88c7a9f7274288798"
    integrity sha1-6JPAZIJd5z6h9ffYjHqfcnQoh5g=
    dependencies:
      js-yaml "^3.13.1"
      kind-of "^6.0.2"
      section-matter "^1.0.0"
      strip-bom-string "^1.0.0"
  
  has@^1.0.3:
    version "1.0.3"
    resolved "http://registry.m.jd.com/has/download/has-1.0.3.tgz#722d7cbfc1f6aa8241f16dd814e011e1f41e8796"
    integrity sha1-ci18v8H2qoJB8W3YFOAR4fQeh5Y=
    dependencies:
      function-bind "^1.1.1"
  
  hey-listen@^1.0.8:
    version "1.0.8"
    resolved "http://registry.m.jd.com/hey-listen/download/hey-listen-1.0.8.tgz#8e59561ff724908de1aa924ed6ecc84a56a9aa68"
    integrity sha1-jllWH/ckkI3hqpJO1uzISlapqmg=
  
  human-signals@^2.1.0:
    version "2.1.0"
    resolved "http://registry.m.jd.com/human-signals/download/human-signals-2.1.0.tgz#dc91fcba42e4d06e4abaed33b3e7a3c02f514ea0"
    integrity sha1-3JH8ukLk0G5Kuu0zs+ejwC9RTqA=
  
  iconv-lite@0.4:
    version "0.4.24"
    resolved "http://registry.m.jd.com/iconv-lite/download/iconv-lite-0.4.24.tgz#2022b4b25fbddc21d2f524974a474aafe733908b"
    integrity sha1-ICK0sl+93CHS9SSXSkdKr+czkIs=
    dependencies:
      safer-buffer ">= 2.1.2 < 3"
  
  iconv-lite@0.6:
    version "0.6.3"
    resolved "http://registry.m.jd.com/iconv-lite/download/iconv-lite-0.6.3.tgz#a52f80bf38da1952eb5c681790719871a1a72501"
    integrity sha1-pS+AvzjaGVLrXGgXkHGYcaGnJQE=
    dependencies:
      safer-buffer ">= 2.1.2 < 3.0.0"
  
  import-from@^4.0.0:
    version "4.0.0"
    resolved "http://registry.m.jd.com/import-from/download/import-from-4.0.0.tgz#2710b8d66817d232e16f4166e319248d3d5492e2"
    integrity sha1-JxC41mgX0jLhb0Fm4xkkjT1UkuI=
  
  ini@2.0.0:
    version "2.0.0"
    resolved "http://registry.m.jd.com/ini/download/ini-2.0.0.tgz#e5fd556ecdd5726be978fa1001862eacb0a94bc5"
    integrity sha1-5f1Vbs3VcmvpePoQAYYurLCpS8U=
  
  ini@^1.3.4:
    version "1.3.8"
    resolved "http://registry.m.jd.com/ini/download/ini-1.3.8.tgz#a29da425b48806f34767a4efce397269af28432c"
    integrity sha1-op2kJbSIBvNHZ6Tvzjlyaa8oQyw=
  
  "internmap@1 - 2":
    version "2.0.3"
    resolved "http://registry.m.jd.com/internmap/download/internmap-2.0.3.tgz#6685f23755e43c524e251d29cbc97248e3061009"
    integrity sha1-ZoXyN1XkPFJOJR0py8lySOMGEAk=
  
  is-binary-path@~2.1.0:
    version "2.1.0"
    resolved "http://registry.m.jd.com/is-binary-path/download/is-binary-path-2.1.0.tgz#ea1f7f3b80f064236e83470f86c09c254fb45b09"
    integrity sha1-6h9/O4DwZCNug0cPhsCcJU+0Wwk=
    dependencies:
      binary-extensions "^2.0.0"
  
  is-core-module@^2.9.0:
    version "2.11.0"
    resolved "http://registry.m.jd.com/is-core-module/download/is-core-module-2.11.0.tgz#ad4cb3e3863e814523c96f3f58d26cc570ff0144"
    integrity sha1-rUyz44Y+gUUjyW8/WNJsxXD/AUQ=
    dependencies:
      has "^1.0.3"
  
  is-docker@^2.0.0, is-docker@^2.1.1:
    version "2.2.1"
    resolved "http://registry.m.jd.com/is-docker/download/is-docker-2.2.1.tgz#33eeabe23cfe86f14bde4408a02c0cfb853acdaa"
    integrity sha1-M+6r4jz+hvFL3kQIoCwM+4U6zao=
  
  is-extendable@^0.1.0:
    version "0.1.1"
    resolved "http://registry.m.jd.com/is-extendable/download/is-extendable-0.1.1.tgz#62b110e289a471418e3ec36a617d472e301dfc89"
    integrity sha1-YrEQ4omkcUGOPsNqYX1HLjAd/Ik=
  
  is-extglob@^2.1.1:
    version "2.1.1"
    resolved "http://registry.m.jd.com/is-extglob/download/is-extglob-2.1.1.tgz#a88c02535791f02ed37c76a1b9ea9773c833f8c2"
    integrity sha1-qIwCU1eR8C7TfHahueqXc8gz+MI=
  
  is-fullwidth-code-point@^3.0.0:
    version "3.0.0"
    resolved "http://registry.m.jd.com/is-fullwidth-code-point/download/is-fullwidth-code-point-3.0.0.tgz#f116f8064fe90b3f7844a38997c0b75051269f1d"
    integrity sha1-8Rb4Bk/pCz94RKOJl8C3UFEmnx0=
  
  is-glob@^4.0.1, is-glob@~4.0.1:
    version "4.0.3"
    resolved "http://registry.m.jd.com/is-glob/download/is-glob-4.0.3.tgz#64f61e42cbbb2eec2071a9dac0b28ba1e65d5084"
    integrity sha1-ZPYeQsu7LuwgcanawLKLoeZdUIQ=
    dependencies:
      is-extglob "^2.1.1"
  
  is-installed-globally@^0.4.0:
    version "0.4.0"
    resolved "http://registry.m.jd.com/is-installed-globally/download/is-installed-globally-0.4.0.tgz#9a0fd407949c30f86eb6959ef1b7994ed0b7b520"
    integrity sha1-mg/UB5ScMPhutpWe8beZTtC3tSA=
    dependencies:
      global-dirs "^3.0.0"
      is-path-inside "^3.0.2"
  
  is-number@^7.0.0:
    version "7.0.0"
    resolved "http://registry.m.jd.com/is-number/download/is-number-7.0.0.tgz#7535345b896734d5f80c4d06c50955527a14f12b"
    integrity sha1-dTU0W4lnNNX4DE0GxQlVUnoU8Ss=
  
  is-path-inside@^3.0.2:
    version "3.0.3"
    resolved "http://registry.m.jd.com/is-path-inside/download/is-path-inside-3.0.3.tgz#d231362e53a07ff2b0e0ea7fed049161ffd16283"
    integrity sha1-0jE2LlOgf/Kw4Op/7QSRYf/RYoM=
  
  is-stream@^2.0.0:
    version "2.0.1"
    resolved "http://registry.m.jd.com/is-stream/download/is-stream-2.0.1.tgz#fac1e3d53b97ad5a9d0ae9cef2389f5810a5c077"
    integrity sha1-+sHj1TuXrVqdCunO8jifWBClwHc=
  
  is-wsl@^2.2.0:
    version "2.2.0"
    resolved "http://registry.m.jd.com/is-wsl/download/is-wsl-2.2.0.tgz#74a4c76e77ca9fd3f932f290c17ea326cd157271"
    integrity sha1-dKTHbnfKn9P5MvKQwX6jJs0VcnE=
    dependencies:
      is-docker "^2.0.0"
  
  isexe@^2.0.0:
    version "2.0.0"
    resolved "http://registry.m.jd.com/isexe/download/isexe-2.0.0.tgz#e8fbf374dc556ff8947a10dcb0572d633f2cfa10"
    integrity sha1-6PvzdNxVb/iUehDcsFctYz8s+hA=
  
  jiti@^1.13.0:
    version "1.16.0"
    resolved "http://registry.m.jd.com/jiti/download/jiti-1.16.0.tgz#f72065954446ad1866fa8d6bcc3bed3cc1cebdaa"
    integrity sha1-9yBllURGrRhm+o1rzDvtPMHOvao=
  
  js-base64@^3.7.2:
    version "3.7.3"
    resolved "http://registry.m.jd.com/js-base64/download/js-base64-3.7.3.tgz#2e784bb0851636bf1e99ef12e4f3a8a8c9b7639f"
    integrity sha1-LnhLsIUWNr8eme8S5POoqMm3Y58=
  
  js-yaml@^3.13.1:
    version "3.14.1"
    resolved "http://registry.m.jd.com/js-yaml/download/js-yaml-3.14.1.tgz#dae812fdb3825fa306609a8717383c50c36a0537"
    integrity sha1-2ugS/bOCX6MGYJqHFzg8UMNqBTc=
    dependencies:
      argparse "^1.0.7"
      esprima "^4.0.0"
  
  js-yaml@^4.1.0:
    version "4.1.0"
    resolved "http://registry.m.jd.com/js-yaml/download/js-yaml-4.1.0.tgz#c1fb65f8f5017901cdd2c951864ba18458a10602"
    integrity sha1-wftl+PUBeQHN0slRhkuhhFihBgI=
    dependencies:
      argparse "^2.0.1"
  
  jsonc-parser@^3.0.0:
    version "3.2.0"
    resolved "http://registry.m.jd.com/jsonc-parser/download/jsonc-parser-3.2.0.tgz#31ff3f4c2b9793f89c67212627c51c6394f88e76"
    integrity sha1-Mf8/TCuXk/icZyEmJ8UcY5T4jnY=
  
  jsonfile@^6.0.1:
    version "6.1.0"
    resolved "http://registry.m.jd.com/jsonfile/download/jsonfile-6.1.0.tgz#bc55b2634793c679ec6403094eb13698a6ec0aae"
    integrity sha1-vFWyY0eTxnnsZAMJTrE2mKbsCq4=
    dependencies:
      universalify "^2.0.0"
    optionalDependencies:
      graceful-fs "^4.1.6"
  
  katex@^0.16.0:
    version "0.16.4"
    resolved "http://registry.m.jd.com/katex/download/katex-0.16.4.tgz#87021bc3bbd80586ef715aeb476794cba6a49ad4"
    integrity sha1-hwIbw7vYBYbvcVrrR2eUy6akmtQ=
    dependencies:
      commander "^8.0.0"
  
  khroma@^2.0.0:
    version "2.0.0"
    resolved "http://registry.m.jd.com/khroma/download/khroma-2.0.0.tgz#7577de98aed9f36c7a474c4d453d94c0d6c6588b"
    integrity sha1-dXfemK7Z82x6R0xNRT2UwNbGWIs=
  
  kind-of@^6.0.0, kind-of@^6.0.2:
    version "6.0.3"
    resolved "http://registry.m.jd.com/kind-of/download/kind-of-6.0.3.tgz#07c05034a6c349fa06e24fa35aa76db4580ce4dd"
    integrity sha1-B8BQNKbDSfoG4k+jWqdttFgM5N0=
  
  kleur@^3.0.3:
    version "3.0.3"
    resolved "http://registry.m.jd.com/kleur/download/kleur-3.0.3.tgz#a79c9ecc86ee1ce3fa6206d1216c501f147fc07e"
    integrity sha1-p5yezIbuHOP6YgbRIWxQHxR/wH4=
  
  kolorist@^1.5.1:
    version "1.6.0"
    resolved "http://registry.m.jd.com/kolorist/download/kolorist-1.6.0.tgz#f43ac794305b30032a5bedcae7799d0f91d2ff36"
    integrity sha1-9DrHlDBbMAMqW+3K53mdD5HS/zY=
  
  linkify-it@^4.0.1:
    version "4.0.1"
    resolved "http://registry.m.jd.com/linkify-it/download/linkify-it-4.0.1.tgz#01f1d5e508190d06669982ba31a7d9f56a5751ec"
    integrity sha1-AfHV5QgZDQZmmYK6MafZ9WpXUew=
    dependencies:
      uc.micro "^1.0.1"
  
  local-pkg@^0.4.1:
    version "0.4.2"
    resolved "http://registry.m.jd.com/local-pkg/download/local-pkg-0.4.2.tgz#13107310b77e74a0e513147a131a2ba288176c2f"
    integrity sha1-ExBzELd+dKDlExR6ExoroogXbC8=
  
  locate-path@^6.0.0:
    version "6.0.0"
    resolved "http://registry.m.jd.com/locate-path/download/locate-path-6.0.0.tgz#55321eb309febbc59c4801d931a72452a681d286"
    integrity sha1-VTIeswn+u8WcSAHZMackUqaB0oY=
    dependencies:
      p-locate "^5.0.0"
  
  lodash@^4.17.15, lodash@^4.17.21:
    version "4.17.21"
    resolved "http://registry.m.jd.com/lodash/download/lodash-4.17.21.tgz#679591c564c3bffaae8454cf0b3df370c3d6911c"
    integrity sha1-Z5WRxWTDv/quhFTPCz3zcMPWkRw=
  
  magic-string@^0.25.7:
    version "0.25.9"
    resolved "http://registry.m.jd.com/magic-string/download/magic-string-0.25.9.tgz#de7f9faf91ef8a1c91d02c2e5314c8277dbcdd1c"
    integrity sha1-3n+fr5HvihyR0CwuUxTIJ3283Rw=
    dependencies:
      sourcemap-codec "^1.4.8"
  
  magic-string@^0.26.1, magic-string@^0.26.2:
    version "0.26.7"
    resolved "http://registry.m.jd.com/magic-string/download/magic-string-0.26.7.tgz#caf7daf61b34e9982f8228c4527474dac8981d6f"
    integrity sha1-yvfa9hs06ZgvgijEUnR02siYHW8=
    dependencies:
      sourcemap-codec "^1.4.8"
  
  markdown-it-footnote@^3.0.3:
    version "3.0.3"
    resolved "http://registry.m.jd.com/markdown-it-footnote/download/markdown-it-footnote-3.0.3.tgz#e0e4c0d67390a4c5f0c75f73be605c7c190ca4d8"
    integrity sha1-4OTA1nOQpMXwx19zvmBcfBkMpNg=
  
  markdown-it-link-attributes@^4.0.0:
    version "4.0.1"
    resolved "http://registry.m.jd.com/markdown-it-link-attributes/download/markdown-it-link-attributes-4.0.1.tgz#25751f2cf74fd91f0a35ba7b3247fa45f2056d88"
    integrity sha1-JXUfLPdP2R8KNbp7Mkf6RfIFbYg=
  
  markdown-it@^13.0.1:
    version "13.0.1"
    resolved "http://registry.m.jd.com/markdown-it/download/markdown-it-13.0.1.tgz#c6ecc431cacf1a5da531423fc6a42807814af430"
    integrity sha1-xuzEMcrPGl2lMUI/xqQoB4FK9DA=
    dependencies:
      argparse "^2.0.1"
      entities "~3.0.1"
      linkify-it "^4.0.1"
      mdurl "^1.0.1"
      uc.micro "^1.0.5"
  
  mdurl@^1.0.1:
    version "1.0.1"
    resolved "http://registry.m.jd.com/mdurl/download/mdurl-1.0.1.tgz#fe85b2ec75a59037f2adfec100fd6c601761152e"
    integrity sha1-/oWy7HWlkDfyrf7BAP1sYBdhFS4=
  
  merge-stream@^2.0.0:
    version "2.0.0"
    resolved "http://registry.m.jd.com/merge-stream/download/merge-stream-2.0.0.tgz#52823629a14dd00c9770fb6ad47dc6310f2c1f60"
    integrity sha1-UoI2KaFN0AyXcPtq1H3GMQ8sH2A=
  
  merge2@^1.3.0:
    version "1.4.1"
    resolved "http://registry.m.jd.com/merge2/download/merge2-1.4.1.tgz#4368892f885e907455a6fd7dc55c0c9d404990ae"
    integrity sha1-Q2iJL4hekHRVpv19xVwMnUBJkK4=
  
  mermaid@^9.1.2:
    version "9.2.2"
    resolved "http://registry.m.jd.com/mermaid/download/mermaid-9.2.2.tgz#73cca1f0b74e7e674c0de3519d7e7e8ea83bea4a"
    integrity sha1-c8yh8LdOfmdMDeNRnX5+jqg76ko=
    dependencies:
      "@braintree/sanitize-url" "^6.0.0"
      d3 "^7.0.0"
      dagre "^0.8.5"
      dagre-d3 "^0.6.4"
      dompurify "2.4.0"
      fast-clone "^1.5.13"
      graphlib "^2.1.8"
      khroma "^2.0.0"
      lodash "^4.17.21"
      moment-mini "^2.24.0"
      non-layered-tidy-tree-layout "^2.0.2"
      stylis "^4.1.2"
      uuid "^9.0.0"
  
  micromatch@^4.0.4, micromatch@^4.0.5:
    version "4.0.5"
    resolved "http://registry.m.jd.com/micromatch/download/micromatch-4.0.5.tgz#bc8999a7cbbf77cdc89f132f6e467051b49090c6"
    integrity sha1-vImZp8u/d83InxMvbkZwUbSQkMY=
    dependencies:
      braces "^3.0.2"
      picomatch "^2.3.1"
  
  mimic-fn@^2.1.0:
    version "2.1.0"
    resolved "http://registry.m.jd.com/mimic-fn/download/mimic-fn-2.1.0.tgz#7ed2c2ccccaf84d3ffcb7a69b57711fc2083401b"
    integrity sha1-ftLCzMyvhNP/y3pptXcR/CCDQBs=
  
  minimatch@^5.1.0:
    version "5.1.1"
    resolved "http://registry.m.jd.com/minimatch/download/minimatch-5.1.1.tgz#6c9dffcf9927ff2a31e74b5af11adf8b9604b022"
    integrity sha1-bJ3/z5kn/yox50ta8Rrfi5YEsCI=
    dependencies:
      brace-expansion "^2.0.1"
  
  moment-mini@^2.24.0:
    version "2.29.4"
    resolved "http://registry.m.jd.com/moment-mini/download/moment-mini-2.29.4.tgz#cbbcdc58ce1b267506f28ea6668dbe060a32758f"
    integrity sha1-y7zcWM4bJnUG8o6mZo2+BgoydY8=
  
  monaco-editor@^0.33.0:
    version "0.33.0"
    resolved "http://registry.m.jd.com/monaco-editor/download/monaco-editor-0.33.0.tgz#842e244f3750a2482f8a29c676b5684e75ff34af"
    integrity sha1-hC4kTzdQokgviinGdrVoTnX/NK8=
  
  ms@2.0.0:
    version "2.0.0"
    resolved "http://registry.m.jd.com/ms/download/ms-2.0.0.tgz#5608aeadfc00be6c2901df5f9861788de0d597c8"
    integrity sha1-VgiurfwAvmwpAd9fmGF4jeDVl8g=
  
  ms@2.1.2:
    version "2.1.2"
    resolved "http://registry.m.jd.com/ms/download/ms-2.1.2.tgz#d09d1f357b443f493382a8eb3ccd183872ae6009"
    integrity sha1-0J0fNXtEP0kzgqjrPM0YOHKuYAk=
  
  nanoid@^3.3.4:
    version "3.3.4"
    resolved "http://registry.m.jd.com/nanoid/download/nanoid-3.3.4.tgz#730b67e3cd09e2deacf03c027c81c9d9dbc5e8ab"
    integrity sha1-cwtn480J4t6s8DwCfIHJ2dvF6Ks=
  
  nanoid@^4.0.0:
    version "4.0.0"
    resolved "http://registry.m.jd.com/nanoid/download/nanoid-4.0.0.tgz#6e144dee117609232c3f415c34b0e550e64999a5"
    integrity sha1-bhRN7hF2CSMsP0FcNLDlUOZJmaU=
  
  non-layered-tidy-tree-layout@^2.0.2:
    version "2.0.2"
    resolved "http://registry.m.jd.com/non-layered-tidy-tree-layout/download/non-layered-tidy-tree-layout-2.0.2.tgz#57d35d13c356643fc296a55fb11ac15e74da7804"
    integrity sha1-V9NdE8NWZD/ClqVfsRrBXnTaeAQ=
  
  normalize-path@^3.0.0, normalize-path@~3.0.0:
    version "3.0.0"
    resolved "http://registry.m.jd.com/normalize-path/download/normalize-path-3.0.0.tgz#0dcd69ff23a1c9b11fd0978316644a0388216a65"
    integrity sha1-Dc1p/yOhybEf0JeDFmRKA4ghamU=
  
  npm-run-path@^4.0.1:
    version "4.0.1"
    resolved "http://registry.m.jd.com/npm-run-path/download/npm-run-path-4.0.1.tgz#b7ecd1e5ed53da8e37a55e1c2269e0b97ed748ea"
    integrity sha1-t+zR5e1T2o43pV4cImnguX7XSOo=
    dependencies:
      path-key "^3.0.0"
  
  on-finished@~2.3.0:
    version "2.3.0"
    resolved "http://registry.m.jd.com/on-finished/download/on-finished-2.3.0.tgz#20f1336481b083cd75337992a16971aa2d906947"
    integrity sha1-IPEzZIGwg811M3mSoWlxqi2QaUc=
    dependencies:
      ee-first "1.1.1"
  
  onetime@^5.1.2:
    version "5.1.2"
    resolved "http://registry.m.jd.com/onetime/download/onetime-5.1.2.tgz#d0e96ebb56b07476df1dd9c4806e5237985ca45e"
    integrity sha1-0Oluu1awdHbfHdnEgG5SN5hcpF4=
    dependencies:
      mimic-fn "^2.1.0"
  
  open@^8.4.0:
    version "8.4.0"
    resolved "http://registry.m.jd.com/open/download/open-8.4.0.tgz#345321ae18f8138f82565a910fdc6b39e8c244f8"
    integrity sha1-NFMhrhj4E4+CVlqRD9xrOejCRPg=
    dependencies:
      define-lazy-prop "^2.0.0"
      is-docker "^2.1.1"
      is-wsl "^2.2.0"
  
  p-limit@^3.0.2:
    version "3.1.0"
    resolved "http://registry.m.jd.com/p-limit/download/p-limit-3.1.0.tgz#e1daccbe78d0d1388ca18c64fea38e3e57e3706b"
    integrity sha1-4drMvnjQ0TiMoYxk/qOOPlfjcGs=
    dependencies:
      yocto-queue "^0.1.0"
  
  p-locate@^5.0.0:
    version "5.0.0"
    resolved "http://registry.m.jd.com/p-locate/download/p-locate-5.0.0.tgz#83c8315c6785005e3bd021839411c9e110e6d834"
    integrity sha1-g8gxXGeFAF470CGDlBHJ4RDm2DQ=
    dependencies:
      p-limit "^3.0.2"
  
  parseurl@~1.3.3:
    version "1.3.3"
    resolved "http://registry.m.jd.com/parseurl/download/parseurl-1.3.3.tgz#9da19e7bee8d12dff0513ed5b76957793bc2e8d4"
    integrity sha1-naGee+6NEt/wUT7Vt2lXeTvC6NQ=
  
  path-exists@^4.0.0:
    version "4.0.0"
    resolved "http://registry.m.jd.com/path-exists/download/path-exists-4.0.0.tgz#513bdbe2d3b95d7762e8c1137efa195c6c61b5b3"
    integrity sha1-UTvb4tO5XXdi6METfvoZXGxhtbM=
  
  path-key@^3.0.0, path-key@^3.1.0:
    version "3.1.1"
    resolved "http://registry.m.jd.com/path-key/download/path-key-3.1.1.tgz#581f6ade658cbba65a0d3380de7753295054f375"
    integrity sha1-WB9q3mWMu6ZaDTOA3ndTKVBU83U=
  
  path-parse@^1.0.7:
    version "1.0.7"
    resolved "http://registry.m.jd.com/path-parse/download/path-parse-1.0.7.tgz#fbc114b60ca42b30d9daf5858e4bd68bbedb6735"
    integrity sha1-+8EUtgykKzDZ2vWFjkvWi77bZzU=
  
  perfect-freehand@^1.0.16:
    version "1.1.0"
    resolved "http://registry.m.jd.com/perfect-freehand/download/perfect-freehand-1.1.0.tgz#65b459f4d6ccceb873e9ac06e07c924761649b32"
    integrity sha1-ZbRZ9NbMzrhz6awG4HySR2FkmzI=
  
  picocolors@^1.0.0:
    version "1.0.0"
    resolved "http://registry.m.jd.com/picocolors/download/picocolors-1.0.0.tgz#cb5bdc74ff3f51892236eaf79d68bc44564ab81c"
    integrity sha1-y1vcdP8/UYkiNur3nWi8RFZKuBw=
  
  picomatch@^2.0.4, picomatch@^2.2.1, picomatch@^2.2.2, picomatch@^2.3.1:
    version "2.3.1"
    resolved "http://registry.m.jd.com/picomatch/download/picomatch-2.3.1.tgz#3ba3833733646d9d3e4995946c1365a67fb07a42"
    integrity sha1-O6ODNzNkbZ0+SZWUbBNlpn+wekI=
  
  plantuml-encoder@^1.4.0:
    version "1.4.0"
    resolved "http://registry.m.jd.com/plantuml-encoder/download/plantuml-encoder-1.4.0.tgz#7899302cf785de956bf1a167e15420feee5975f7"
    integrity sha1-eJkwLPeF3pVr8aFn4VQg/u5Zdfc=
  
  popmotion@^11.0.3:
    version "11.0.5"
    resolved "http://registry.m.jd.com/popmotion/download/popmotion-11.0.5.tgz#8e3e014421a0ffa30ecd722564fd2558954e1f7d"
    integrity sha1-jj4BRCGg/6MOzXIlZP0lWJVOH30=
    dependencies:
      framesync "6.1.2"
      hey-listen "^1.0.8"
      style-value-types "5.1.2"
      tslib "2.4.0"
  
  postcss@^8.1.10, postcss@^8.4.13:
    version "8.4.20"
    resolved "http://registry.m.jd.com/postcss/download/postcss-8.4.20.tgz#64c52f509644cecad8567e949f4081d98349dc56"
    integrity sha1-ZMUvUJZEzsrYVn6Un0CB2YNJ3FY=
    dependencies:
      nanoid "^3.3.4"
      picocolors "^1.0.0"
      source-map-js "^1.0.2"
  
  prettier@^2.7.1:
    version "2.8.1"
    resolved "http://registry.m.jd.com/prettier/download/prettier-2.8.1.tgz#4e1fd11c34e2421bc1da9aea9bd8127cd0a35efc"
    integrity sha1-Th/RHDTiQhvB2prqm9gSfNCjXvw=
  
  prism-theme-vars@^0.2.4:
    version "0.2.3"
    resolved "http://registry.m.jd.com/prism-theme-vars/download/prism-theme-vars-0.2.3.tgz#af88588d75b3a92dab632d1c777a77d4482dda1b"
    integrity sha1-r4hYjXWzqS2rYy0cd3p31Egt2hs=
  
  prismjs@^1.28.0:
    version "1.29.0"
    resolved "http://registry.m.jd.com/prismjs/download/prismjs-1.29.0.tgz#f113555a8fa9b57c35e637bba27509dcf802dd12"
    integrity sha1-8RNVWo+ptXw15je7onUJ3PgC3RI=
  
  prompts@^2.4.2:
    version "2.4.2"
    resolved "http://registry.m.jd.com/prompts/download/prompts-2.4.2.tgz#7b57e73b3a48029ad10ebd44f74b01722a4cb069"
    integrity sha1-e1fnOzpIAprRDr1E90sBcipMsGk=
    dependencies:
      kleur "^3.0.3"
      sisteransi "^1.0.5"
  
  queue-microtask@^1.2.2:
    version "1.2.3"
    resolved "http://registry.m.jd.com/queue-microtask/download/queue-microtask-1.2.3.tgz#4929228bbc724dfac43e0efb058caf7b6cfb6243"
    integrity sha1-SSkii7xyTfrEPg77BYyve2z7YkM=
  
  readdirp@~3.6.0:
    version "3.6.0"
    resolved "http://registry.m.jd.com/readdirp/download/readdirp-3.6.0.tgz#74a370bd857116e245b29cc97340cd431a02a6c7"
    integrity sha1-dKNwvYVxFuJFspzJc0DNQxoCpsc=
    dependencies:
      picomatch "^2.2.1"
  
  recordrtc@^5.6.2:
    version "5.6.2"
    resolved "http://registry.m.jd.com/recordrtc/download/recordrtc-5.6.2.tgz#48fc214b35084973ccce82c6251198b5742bc327"
    integrity sha1-SPwhSzUISXPMzoLGJRGYtXQrwyc=
  
  require-directory@^2.1.1:
    version "2.1.1"
    resolved "http://registry.m.jd.com/require-directory/download/require-directory-2.1.1.tgz#8c64ad5fd30dab1c976e2344ffe7f792a6a6df42"
    integrity sha1-jGStX9MNqxyXbiNE/+f3kqam30I=
  
  resolve-from@^5.0.0:
    version "5.0.0"
    resolved "http://registry.m.jd.com/resolve-from/download/resolve-from-5.0.0.tgz#c35225843df8f776df21c57557bc087e9dfdfc69"
    integrity sha1-w1IlhD3493bfIcV1V7wIfp39/Gk=
  
  resolve-global@^1.0.0:
    version "1.0.0"
    resolved "http://registry.m.jd.com/resolve-global/download/resolve-global-1.0.0.tgz#a2a79df4af2ca3f49bf77ef9ddacd322dad19255"
    integrity sha1-oqed9K8so/Sb93753azTItrRklU=
    dependencies:
      global-dirs "^0.1.1"
  
  resolve@^1.22.0, resolve@^1.22.1:
    version "1.22.1"
    resolved "http://registry.m.jd.com/resolve/download/resolve-1.22.1.tgz#27cb2ebb53f91abb49470a928bba7558066ac177"
    integrity sha1-J8suu1P5GrtJRwqSi7p1WAZqwXc=
    dependencies:
      is-core-module "^2.9.0"
      path-parse "^1.0.7"
      supports-preserve-symlinks-flag "^1.0.0"
  
  reusify@^1.0.4:
    version "1.0.4"
    resolved "http://registry.m.jd.com/reusify/download/reusify-1.0.4.tgz#90da382b1e126efc02146e90845a88db12925d76"
    integrity sha1-kNo4Kx4SbvwCFG6QhFqI2xKSXXY=
  
  robust-predicates@^3.0.0:
    version "3.0.1"
    resolved "http://registry.m.jd.com/robust-predicates/download/robust-predicates-3.0.1.tgz#ecde075044f7f30118682bd9fb3f123109577f9a"
    integrity sha1-7N4HUET38wEYaCvZ+z8SMQlXf5o=
  
  "rollup@>=2.59.0 <2.78.0":
    version "2.77.3"
    resolved "http://registry.m.jd.com/rollup/download/rollup-2.77.3.tgz#8f00418d3a2740036e15deb653bed1a90ee0cc12"
    integrity sha1-jwBBjTonQANuFd62U77RqQ7gzBI=
    optionalDependencies:
      fsevents "~2.3.2"
  
  run-parallel@^1.1.9:
    version "1.2.0"
    resolved "http://registry.m.jd.com/run-parallel/download/run-parallel-1.2.0.tgz#66d1368da7bdf921eb9d95bd1a9229e7f21a43ee"
    integrity sha1-ZtE2jae9+SHrnZW9GpIp5/IaQ+4=
    dependencies:
      queue-microtask "^1.2.2"
  
  rw@1:
    version "1.3.3"
    resolved "http://registry.m.jd.com/rw/download/rw-1.3.3.tgz#3f862dfa91ab766b14885ef4d01124bfda074fb4"
    integrity sha1-P4Yt+pGrdmsUiF700BEkv9oHT7Q=
  
  "safer-buffer@>= 2.1.2 < 3", "safer-buffer@>= 2.1.2 < 3.0.0":
    version "2.1.2"
    resolved "http://registry.m.jd.com/safer-buffer/download/safer-buffer-2.1.2.tgz#44fa161b0187b9549dd84bb91802f9bd8385cd6a"
    integrity sha1-RPoWGwGHuVSd2Eu5GAL5vYOFzWo=
  
  section-matter@^1.0.0:
    version "1.0.0"
    resolved "http://registry.m.jd.com/section-matter/download/section-matter-1.0.0.tgz#e9041953506780ec01d59f292a19c7b850b84167"
    integrity sha1-6QQZU1BngOwB1Z8pKhnHuFC4QWc=
    dependencies:
      extend-shallow "^2.0.1"
      kind-of "^6.0.0"
  
  shebang-command@^2.0.0:
    version "2.0.0"
    resolved "http://registry.m.jd.com/shebang-command/download/shebang-command-2.0.0.tgz#ccd0af4f8835fbdc265b82461aaf0c36663f34ea"
    integrity sha1-zNCvT4g1+9wmW4JGGq8MNmY/NOo=
    dependencies:
      shebang-regex "^3.0.0"
  
  shebang-regex@^3.0.0:
    version "3.0.0"
    resolved "http://registry.m.jd.com/shebang-regex/download/shebang-regex-3.0.0.tgz#ae16f1644d873ecad843b0307b143362d4c42172"
    integrity sha1-rhbxZE2HPsrYQ7AwexQzYtTEIXI=
  
  shiki@^0.10.1:
    version "0.10.1"
    resolved "http://registry.m.jd.com/shiki/download/shiki-0.10.1.tgz#6f9a16205a823b56c072d0f1a0bcd0f2646bef14"
    integrity sha1-b5oWIFqCO1bActDxoLzQ8mRr7xQ=
    dependencies:
      jsonc-parser "^3.0.0"
      vscode-oniguruma "^1.6.1"
      vscode-textmate "5.2.0"
  
  signal-exit@^3.0.3:
    version "3.0.7"
    resolved "http://registry.m.jd.com/signal-exit/download/signal-exit-3.0.7.tgz#a9a1767f8af84155114eaabd73f99273c8f59ad9"
    integrity sha1-qaF2f4r4QVURTqq9c/mSc8j1mtk=
  
  sisteransi@^1.0.5:
    version "1.0.5"
    resolved "http://registry.m.jd.com/sisteransi/download/sisteransi-1.0.5.tgz#134d681297756437cc05ca01370d3a7a571075ed"
    integrity sha1-E01oEpd1ZDfMBcoBNw06elcQde0=
  
  source-map-js@^1.0.2:
    version "1.0.2"
    resolved "http://registry.m.jd.com/source-map-js/download/source-map-js-1.0.2.tgz#adbc361d9c62df380125e7f161f71c826f1e490c"
    integrity sha1-rbw2HZxi3zgBJefxYfccgm8eSQw=
  
  source-map@^0.6.1:
    version "0.6.1"
    resolved "http://registry.m.jd.com/source-map/download/source-map-0.6.1.tgz#74722af32e9614e9c287a8d0bbde48b5e2f1a263"
    integrity sha1-dHIq8y6WFOnCh6jQu95IteLxomM=
  
  sourcemap-codec@^1.4.8:
    version "1.4.8"
    resolved "http://registry.m.jd.com/sourcemap-codec/download/sourcemap-codec-1.4.8.tgz#ea804bd94857402e6992d05a38ef1ae35a9ab4c4"
    integrity sha1-6oBL2UhXQC5pktBaOO8a41qatMQ=
  
  sprintf-js@~1.0.2:
    version "1.0.3"
    resolved "http://registry.m.jd.com/sprintf-js/download/sprintf-js-1.0.3.tgz#04e6926f662895354f3dd015203633b857297e2c"
    integrity sha1-BOaSb2YolTVPPdAVIDYzuFcpfiw=
  
  statuses@~1.5.0:
    version "1.5.0"
    resolved "http://registry.m.jd.com/statuses/download/statuses-1.5.0.tgz#161c7dac177659fd9811f43771fa99381478628c"
    integrity sha1-Fhx9rBd2Wf2YEfQ3cfqZOBR4Yow=
  
  string-width@^4.1.0, string-width@^4.2.0, string-width@^4.2.3:
    version "4.2.3"
    resolved "http://registry.m.jd.com/string-width/download/string-width-4.2.3.tgz#269c7117d27b05ad2e536830a8ec895ef9c6d010"
    integrity sha1-JpxxF9J7Ba0uU2gwqOyJXvnG0BA=
    dependencies:
      emoji-regex "^8.0.0"
      is-fullwidth-code-point "^3.0.0"
      strip-ansi "^6.0.1"
  
  strip-ansi@^6.0.0, strip-ansi@^6.0.1:
    version "6.0.1"
    resolved "http://registry.m.jd.com/strip-ansi/download/strip-ansi-6.0.1.tgz#9e26c63d30f53443e9489495b2105d37b67a85d9"
    integrity sha1-nibGPTD1NEPpSJSVshBdN7Z6hdk=
    dependencies:
      ansi-regex "^5.0.1"
  
  strip-bom-string@^1.0.0:
    version "1.0.0"
    resolved "http://registry.m.jd.com/strip-bom-string/download/strip-bom-string-1.0.0.tgz#e5211e9224369fbb81d633a2f00044dc8cedad92"
    integrity sha1-5SEekiQ2n7uB1jOi8ABE3IztrZI=
  
  strip-final-newline@^2.0.0:
    version "2.0.0"
    resolved "http://registry.m.jd.com/strip-final-newline/download/strip-final-newline-2.0.0.tgz#89b852fb2fcbe936f6f4b3187afb0a12c1ab58ad"
    integrity sha1-ibhS+y/L6Tb29LMYevsKEsGrWK0=
  
  style-value-types@5.1.2, style-value-types@^5.1.0:
    version "5.1.2"
    resolved "http://registry.m.jd.com/style-value-types/download/style-value-types-5.1.2.tgz#6be66b237bd546048a764883528072ed95713b62"
    integrity sha1-a+ZrI3vVRgSKdkiDUoBy7ZVxO2I=
    dependencies:
      hey-listen "^1.0.8"
      tslib "2.4.0"
  
  stylis@^4.1.2:
    version "4.1.3"
    resolved "http://registry.m.jd.com/stylis/download/stylis-4.1.3.tgz#fd2fbe79f5fed17c55269e16ed8da14c84d069f7"
    integrity sha1-/S++efX+0XxVJp4W7Y2hTITQafc=
  
  supports-preserve-symlinks-flag@^1.0.0:
    version "1.0.0"
    resolved "http://registry.m.jd.com/supports-preserve-symlinks-flag/download/supports-preserve-symlinks-flag-1.0.0.tgz#6eda4bd344a3c94aea376d4cc31bc77311039e09"
    integrity sha1-btpL00SjyUrqN21MwxvHcxEDngk=
  
  theme-vitesse@^0.6.0:
    version "0.4.10"
    resolved "http://registry.m.jd.com/theme-vitesse/download/theme-vitesse-0.4.10.tgz#d2b68e6047037e907ba540210bf63e21b4eb716b"
    integrity sha1-0raOYEcDfpB7pUAhC/Y+IbTrcWs=
  
  to-regex-range@^5.0.1:
    version "5.0.1"
    resolved "http://registry.m.jd.com/to-regex-range/download/to-regex-range-5.0.1.tgz#1648c44aae7c8d988a326018ed72f5b4dd0392e4"
    integrity sha1-FkjESq58jZiKMmAY7XL1tN0DkuQ=
    dependencies:
      is-number "^7.0.0"
  
  tslib@2.4.0:
    version "2.4.0"
    resolved "http://registry.m.jd.com/tslib/download/tslib-2.4.0.tgz#7cecaa7f073ce680a05847aa77be941098f36dc3"
    integrity sha1-fOyqfwc85oCgWEeqd76UEJjzbcM=
  
  uc.micro@^1.0.1, uc.micro@^1.0.5:
    version "1.0.6"
    resolved "http://registry.m.jd.com/uc.micro/download/uc.micro-1.0.6.tgz#9c411a802a409a91fc6cf74081baba34b24499ac"
    integrity sha1-nEEagCpAmpH8bPdAgbq6NLJEmaw=
  
  ufo@^0.7.9:
    version "0.7.11"
    resolved "http://registry.m.jd.com/ufo/download/ufo-0.7.11.tgz#17defad497981290383c5d26357773431fdbadcb"
    integrity sha1-F9761JeYEpA4PF0mNXdzQx/brcs=
  
  universalify@^2.0.0:
    version "2.0.0"
    resolved "http://registry.m.jd.com/universalify/download/universalify-2.0.0.tgz#75a4984efedc4b08975c5aeb73f530d02df25717"
    integrity sha1-daSYTv7cSwiXXFrrc/Uw0C3yVxc=
  
  unpipe@~1.0.0:
    version "1.0.0"
    resolved "http://registry.m.jd.com/unpipe/download/unpipe-1.0.0.tgz#b2bf4ee8514aae6165b4817829d21b2ef49904ec"
    integrity sha1-sr9O6FFKrmFltIF4KdIbLvSZBOw=
  
  unplugin-icons@^0.14.5:
    version "0.14.5"
    resolved "http://registry.m.jd.com/unplugin-icons/download/unplugin-icons-0.14.5.tgz#baaeff3cb0c63ec53c770385e48bf3a77d8d18e8"
    integrity sha1-uq7/PLDGPsU8dwOF5Ivzp32NGOg=
    dependencies:
      "@antfu/install-pkg" "^0.1.0"
      "@antfu/utils" "^0.5.2"
      "@iconify/utils" "^1.0.33"
      debug "^4.3.4"
      kolorist "^1.5.1"
      local-pkg "^0.4.1"
      unplugin "^0.7.0"
  
  unplugin-vue-components@^0.19.6:
    version "0.19.9"
    resolved "http://registry.m.jd.com/unplugin-vue-components/download/unplugin-vue-components-0.19.9.tgz#87e913f3cf8cd1d36c6f5b597ca7a46cddb6229b"
    integrity sha1-h+kT88+M0dNsb1tZfKekbN22Ips=
    dependencies:
      "@antfu/utils" "^0.5.2"
      "@rollup/pluginutils" "^4.2.1"
      chokidar "^3.5.3"
      debug "^4.3.4"
      fast-glob "^3.2.11"
      local-pkg "^0.4.1"
      magic-string "^0.26.2"
      minimatch "^5.1.0"
      resolve "^1.22.0"
      unplugin "^0.7.0"
  
  unplugin@^0.7.0:
    version "0.7.2"
    resolved "http://registry.m.jd.com/unplugin/download/unplugin-0.7.2.tgz#4127012fdc2c84ea4ce03ce75e3d4f54ea47bba1"
    integrity sha1-QScBL9wshOpM4DznXj1PVOpHu6E=
    dependencies:
      acorn "^8.7.1"
      chokidar "^3.5.3"
      webpack-sources "^3.2.3"
      webpack-virtual-modules "^0.4.4"
  
  utils-merge@1.0.1:
    version "1.0.1"
    resolved "http://registry.m.jd.com/utils-merge/download/utils-merge-1.0.1.tgz#9f95710f50a267947b2ccc124741c1028427e713"
    integrity sha1-n5VxD1CiZ5R7LMwSR0HBAoQn5xM=
  
  uuid@^9.0.0:
    version "9.0.0"
    resolved "http://registry.m.jd.com/uuid/download/uuid-9.0.0.tgz#592f550650024a38ceb0c562f2f6aa435761efb5"
    integrity sha1-WS9VBlACSjjOsMVi8vaqQ1dh77U=
  
  vite-plugin-remote-assets@^0.2.2:
    version "0.2.2"
    resolved "http://registry.m.jd.com/vite-plugin-remote-assets/download/vite-plugin-remote-assets-0.2.2.tgz#72ba1318b053c3d46071acb9de5cbffd18ccbd5d"
    integrity sha1-croTGLBTw9Rgcay53ly//RjMvV0=
    dependencies:
      axios "^0.21.1"
      debug "^4.3.2"
      fs-extra "^9.1.0"
      magic-string "^0.25.7"
  
  vite-plugin-vue-markdown@^0.1.0:
    version "0.1.1"
    resolved "http://registry.m.jd.com/vite-plugin-vue-markdown/download/vite-plugin-vue-markdown-0.1.1.tgz#5b2810fb8dd0d4f44dfb85bb8b2f2f6e070efa3c"
    integrity sha1-WygQ+43Q1PRN+4W7iy8vbgcO+jw=
    dependencies:
      "@antfu/utils" "^0.5.2"
      "@rollup/pluginutils" "^4.2.1"
      "@types/markdown-it" "^12.2.3"
      gray-matter "^4.0.3"
      markdown-it "^13.0.1"
  
  vite-plugin-vue-server-ref@^0.2.4:
    version "0.2.4"
    resolved "http://registry.m.jd.com/vite-plugin-vue-server-ref/download/vite-plugin-vue-server-ref-0.2.4.tgz#4a3bf52149cc45727f17678e8cada065781df314"
    integrity sha1-Sjv1IUnMRXJ/F2eOjK2gZXgd8xQ=
    dependencies:
      debug "^4.3.2"
      ufo "^0.7.9"
  
  vite-plugin-windicss@^1.8.4:
    version "1.8.4"
    resolved "http://registry.m.jd.com/vite-plugin-windicss/download/vite-plugin-windicss-1.8.4.tgz#98430706691d54d6b9bf43ac0e3c74dd26b10664"
    integrity sha1-mEMHBmkdVNa5v0OsDjx03SaxBmQ=
    dependencies:
      "@windicss/plugin-utils" "1.8.4"
      debug "^4.3.4"
      kolorist "^1.5.1"
      windicss "^3.5.1"
  
  vite@^2.9.12:
    version "2.9.15"
    resolved "http://registry.m.jd.com/vite/download/vite-2.9.15.tgz#2858dd5b2be26aa394a283e62324281892546f0b"
    integrity sha1-KFjdWyviaqOUooPmIyQoGJJUbws=
    dependencies:
      esbuild "^0.14.27"
      postcss "^8.4.13"
      resolve "^1.22.0"
      rollup ">=2.59.0 <2.78.0"
    optionalDependencies:
      fsevents "~2.3.2"
  
  vscode-oniguruma@^1.6.1:
    version "1.7.0"
    resolved "http://registry.m.jd.com/vscode-oniguruma/download/vscode-oniguruma-1.7.0.tgz#439bfad8fe71abd7798338d1cd3dc53a8beea94b"
    integrity sha1-Q5v62P5xq9d5gzjRzT3FOovuqUs=
  
  vscode-textmate@5.2.0:
    version "5.2.0"
    resolved "http://registry.m.jd.com/vscode-textmate/download/vscode-textmate-5.2.0.tgz#01f01760a391e8222fe4f33fbccbd1ad71aed74e"
    integrity sha1-AfAXYKOR6CIv5PM/vMvRrXGu104=
  
  vue-demi@*:
    version "0.13.11"
    resolved "http://registry.m.jd.com/vue-demi/download/vue-demi-0.13.11.tgz#7d90369bdae8974d87b1973564ad390182410d99"
    integrity sha1-fZA2m9rol02HsZc1ZK05AYJBDZk=
  
  vue-router@^4.0.16:
    version "4.1.6"
    resolved "http://registry.m.jd.com/vue-router/download/vue-router-4.1.6.tgz#b70303737e12b4814578d21d68d21618469375a1"
    integrity sha1-twMDc34StIFFeNIdaNIWGEaTdaE=
    dependencies:
      "@vue/devtools-api" "^6.4.5"
  
  vue-starport@^0.3.0:
    version "0.3.0"
    resolved "http://registry.m.jd.com/vue-starport/download/vue-starport-0.3.0.tgz#426084975e496cb10f85825564f3a05dfc0fa931"
    integrity sha1-QmCEl15JbLEPhYJVZPOgXfwPqTE=
    dependencies:
      "@vueuse/core" "^8.6.0"
      vue "^3.2.37"
  
  vue@^3.2.36, vue@^3.2.37:
    version "3.2.45"
    resolved "http://registry.m.jd.com/vue/download/vue-3.2.45.tgz#94a116784447eb7dbd892167784619fef379b3c8"
    integrity sha1-lKEWeERH6329iSFneEYZ/vN5s8g=
    dependencies:
      "@vue/compiler-dom" "3.2.45"
      "@vue/compiler-sfc" "3.2.45"
      "@vue/runtime-dom" "3.2.45"
      "@vue/server-renderer" "3.2.45"
      "@vue/shared" "3.2.45"
  
  webpack-sources@^3.2.3:
    version "3.2.3"
    resolved "http://registry.m.jd.com/webpack-sources/download/webpack-sources-3.2.3.tgz#2d4daab8451fd4b240cc27055ff6a0c2ccea0cde"
    integrity sha1-LU2quEUf1LJAzCcFX/agwszqDN4=
  
  webpack-virtual-modules@^0.4.4:
    version "0.4.6"
    resolved "http://registry.m.jd.com/webpack-virtual-modules/download/webpack-virtual-modules-0.4.6.tgz#3e4008230731f1db078d9cb6f68baf8571182b45"
    integrity sha1-PkAIIwcx8dsHjZy29ouvhXEYK0U=
  
  which@^2.0.1:
    version "2.0.2"
    resolved "http://registry.m.jd.com/which/download/which-2.0.2.tgz#7c6a8dd0a636a0327e10b59c9286eee93f3f51b1"
    integrity sha1-fGqN0KY2oDJ+ELWckobu6T8/UbE=
    dependencies:
      isexe "^2.0.0"
  
  windicss@^3.5.1, windicss@^3.5.4:
    version "3.5.6"
    resolved "http://registry.m.jd.com/windicss/download/windicss-3.5.6.tgz#30a34da76894d952a96c9a1921f2e91e13932183"
    integrity sha1-MKNNp2iU2VKpbJoZIfLpHhOTIYM=
  
  wrap-ansi@^7.0.0:
    version "7.0.0"
    resolved "http://registry.m.jd.com/wrap-ansi/download/wrap-ansi-7.0.0.tgz#67e145cff510a6a6984bdf1152911d69d2eb9e43"
    integrity sha1-Z+FFz/UQpqaYS98RUpEdadLrnkM=
    dependencies:
      ansi-styles "^4.0.0"
      string-width "^4.1.0"
      strip-ansi "^6.0.0"
  
  y18n@^5.0.5:
    version "5.0.8"
    resolved "http://registry.m.jd.com/y18n/download/y18n-5.0.8.tgz#7f4934d0f7ca8c56f95314939ddcd2dd91ce1d55"
    integrity sha1-f0k00PfKjFb5UxSTndzS3ZHOHVU=
  
  yargs-parser@^21.1.1:
    version "21.1.1"
    resolved "http://registry.m.jd.com/yargs-parser/download/yargs-parser-21.1.1.tgz#9096bceebf990d21bb31fa9516e0ede294a77d35"
    integrity sha1-kJa87r+ZDSG7MfqVFuDt4pSnfTU=
  
  yargs@^17.5.1:
    version "17.6.2"
    resolved "http://registry.m.jd.com/yargs/download/yargs-17.6.2.tgz#2e23f2944e976339a1ee00f18c77fedee8332541"
    integrity sha1-LiPylE6XYzmh7gDxjHf+3ugzJUE=
    dependencies:
      cliui "^8.0.1"
      escalade "^3.1.1"
      get-caller-file "^2.0.5"
      require-directory "^2.1.1"
      string-width "^4.2.3"
      y18n "^5.0.5"
      yargs-parser "^21.1.1"
  
  yocto-queue@^0.1.0:
    version "0.1.0"
    resolved "http://registry.m.jd.com/yocto-queue/download/yocto-queue-0.1.0.tgz#0294eb3dee05028d31ee1a5fa2c556a6aaf10a1b"
    integrity sha1-ApTrPe4FAo0x7hpfosVWpqrxChs=
